This is pdfTeX, Version 3.14159265-2.6-1.40.19 (TeX Live 2018/MacPorts 2018.47642_2) (preloaded format=pdflatex 2018.8.3)  9 AUG 2018 17:32
entering extended mode
 restricted \write18 enabled.
 %&-line parsing enabled.
**Myblog.tex
(./Myblog.tex
LaTeX2e <2018-04-01> patch level 2
Babel <3.18> and hyphenation patterns for 46 language(s) loaded.
(./sphinxmanual.cls
Document Class: sphinxmanual 2016/10/12 v1.5 Document class (Sphinx manual)
(/opt/local/share/texmf-texlive/tex/latex/base/report.cls
Document Class: report 2014/09/29 v1.4h Standard LaTeX document class
(/opt/local/share/texmf-texlive/tex/latex/base/size10.clo
File: size10.clo 2014/09/29 v1.4h Standard LaTeX file (size option)
)
\c@part=\count80
\c@chapter=\count81
\c@section=\count82
\c@subsection=\count83
\c@subsubsection=\count84
\c@paragraph=\count85
\c@subparagraph=\count86
\c@figure=\count87
\c@table=\count88
\abovecaptionskip=\skip41
\belowcaptionskip=\skip42
\bibindent=\dimen102
))
(/opt/local/share/texmf-texlive/tex/latex/geometry/geometry.sty
Package: geometry 2018/03/24 v5.7 Page Geometry

(/opt/local/share/texmf-texlive/tex/latex/graphics/keyval.sty
Package: keyval 2014/10/28 v1.15 key=value parser (DPC)
\KV@toks@=\toks14
)
(/opt/local/share/texmf-texlive/tex/generic/oberdiek/ifpdf.sty
Package: ifpdf 2017/03/15 v3.2 Provides the ifpdf switch
)
(/opt/local/share/texmf-texlive/tex/generic/oberdiek/ifvtex.sty
Package: ifvtex 2016/05/16 v1.6 Detect VTeX and its facilities (HO)
Package ifvtex Info: VTeX not detected.
)
(/opt/local/share/texmf-texlive/tex/generic/ifxetex/ifxetex.sty
Package: ifxetex 2010/09/12 v0.6 Provides ifxetex conditional
)
\Gm@cnth=\count89
\Gm@cntv=\count90
\c@Gm@tempcnt=\count91
\Gm@bindingoffset=\dimen103
\Gm@wd@mp=\dimen104
\Gm@odd@mp=\dimen105
\Gm@even@mp=\dimen106
\Gm@layoutwidth=\dimen107
\Gm@layoutheight=\dimen108
\Gm@layouthoffset=\dimen109
\Gm@layoutvoffset=\dimen110
\Gm@dimlist=\toks15
)
(/opt/local/share/texmf-texlive/tex/latex/base/inputenc.sty
Package: inputenc 2018/04/06 v1.3b Input encoding file
\inpenc@prehook=\toks16
\inpenc@posthook=\toks17
)
   defining Unicode char U+00A0 (decimal 160)

(/opt/local/share/texmf-texlive/tex/latex/cmap/cmap.sty
Package: cmap 2008/03/06 v1.0h CMap support: searchable PDF
)
(/opt/local/share/texmf-texlive/tex/latex/base/fontenc.sty
Package: fontenc 2017/04/05 v2.0i Standard LaTeX package

(/opt/local/share/texmf-texlive/tex/latex/base/t1enc.def
File: t1enc.def 2017/04/05 v2.0i Standard LaTeX file
LaTeX Font Info:    Redeclaring font encoding T1 on input line 48.
)<<t1.cmap>>)
(/opt/local/share/texmf-texlive/tex/latex/amsmath/amsmath.sty
Package: amsmath 2017/09/02 v2.17a AMS math features
\@mathmargin=\skip43

For additional information on amsmath, use the `?' option.
(/opt/local/share/texmf-texlive/tex/latex/amsmath/amstext.sty
Package: amstext 2000/06/29 v2.01 AMS text

(/opt/local/share/texmf-texlive/tex/latex/amsmath/amsgen.sty
File: amsgen.sty 1999/11/30 v2.0 generic functions
\@emptytoks=\toks18
\ex@=\dimen111
))
(/opt/local/share/texmf-texlive/tex/latex/amsmath/amsbsy.sty
Package: amsbsy 1999/11/29 v1.2d Bold Symbols
\pmbraise@=\dimen112
)
(/opt/local/share/texmf-texlive/tex/latex/amsmath/amsopn.sty
Package: amsopn 2016/03/08 v2.02 operator names
)
\inf@bad=\count92
LaTeX Info: Redefining \frac on input line 213.
\uproot@=\count93
\leftroot@=\count94
LaTeX Info: Redefining \overline on input line 375.
\classnum@=\count95
\DOTSCASE@=\count96
LaTeX Info: Redefining \ldots on input line 472.
LaTeX Info: Redefining \dots on input line 475.
LaTeX Info: Redefining \cdots on input line 596.
\Mathstrutbox@=\box26
\strutbox@=\box27
\big@size=\dimen113
LaTeX Font Info:    Redeclaring font encoding OML on input line 712.
LaTeX Font Info:    Redeclaring font encoding OMS on input line 713.
\macc@depth=\count97
\c@MaxMatrixCols=\count98
\dotsspace@=\muskip10
\c@parentequation=\count99
\dspbrk@lvl=\count100
\tag@help=\toks19
\row@=\count101
\column@=\count102
\maxfields@=\count103
\andhelp@=\toks20
\eqnshift@=\dimen114
\alignsep@=\dimen115
\tagshift@=\dimen116
\tagwidth@=\dimen117
\totwidth@=\dimen118
\lineht@=\dimen119
\@envbody=\toks21
\multlinegap=\skip44
\multlinetaggap=\skip45
\mathdisplay@stack=\toks22
LaTeX Info: Redefining \[ on input line 2817.
LaTeX Info: Redefining \] on input line 2818.
)
(/opt/local/share/texmf-texlive/tex/latex/amsfonts/amssymb.sty
Package: amssymb 2013/01/14 v3.01 AMS font symbols

(/opt/local/share/texmf-texlive/tex/latex/amsfonts/amsfonts.sty
Package: amsfonts 2013/01/14 v3.01 Basic AMSFonts support
\symAMSa=\mathgroup4
\symAMSb=\mathgroup5
LaTeX Font Info:    Overwriting math alphabet `\mathfrak' in version `bold'
(Font)                  U/euf/m/n --> U/euf/b/n on input line 106.
))
(/opt/local/share/texmf-texlive/tex/generic/babel/babel.sty
Package: babel 2018/02/14 3.18 The Babel package

(/opt/local/share/texmf-texlive/tex/generic/babel/switch.def
File: switch.def 2018/02/14 3.18 Babel switching mechanism
)
(/opt/local/share/texmf-texlive/tex/generic/babel-english/english.ldf
Language: english 2017/06/06 v3.3r English support from the babel system

(/opt/local/share/texmf-texlive/tex/generic/babel/babel.def
File: babel.def 2018/02/14 3.18 Babel common definitions
\babel@savecnt=\count104
\U@D=\dimen120

(/opt/local/share/texmf-texlive/tex/generic/babel/txtbabel.def)
\bbl@dirlevel=\count105
)
\l@canadian = a dialect from \language\l@american 
\l@australian = a dialect from \language\l@british 
\l@newzealand = a dialect from \language\l@british 
))
(/opt/local/share/texmf-texlive/tex/latex/psnfss/times.sty
Package: times 2005/04/12 PSNFSS-v9.2a (SPQR) 
)
(/opt/local/share/texmf-texlive/tex/latex/fncychap/fncychap.sty
Package: fncychap 2007/07/30 v1.34 LaTeX package (Revised chapters)
\RW=\skip46
\mylen=\skip47
\myhi=\skip48
\px=\skip49
\py=\skip50
\pyy=\skip51
\pxx=\skip52
\c@AlphaCnt=\count106
\c@AlphaDecCnt=\count107
)
(/opt/local/share/texmf-texlive/tex/latex/tools/longtable.sty
Package: longtable 2014/10/28 v4.11 Multi-page Table package (DPC)
\LTleft=\skip53
\LTright=\skip54
\LTpre=\skip55
\LTpost=\skip56
\LTchunksize=\count108
\LTcapwidth=\dimen121
\LT@head=\box28
\LT@firsthead=\box29
\LT@foot=\box30
\LT@lastfoot=\box31
\LT@cols=\count109
\LT@rows=\count110
\c@LT@tables=\count111
\c@LT@chunks=\count112
\LT@p@ftn=\toks23
) (./sphinx.sty
Package: sphinx 2016/12/11 v1.5.1 LaTeX package (Sphinx markup)

(/opt/local/share/texmf-texlive/tex/latex/graphics/graphicx.sty
Package: graphicx 2017/06/01 v1.1a Enhanced LaTeX Graphics (DPC,SPQR)

(/opt/local/share/texmf-texlive/tex/latex/graphics/graphics.sty
Package: graphics 2017/06/25 v1.2c Standard LaTeX Graphics (DPC,SPQR)

(/opt/local/share/texmf-texlive/tex/latex/graphics/trig.sty
Package: trig 2016/01/03 v1.10 sin cos tan (DPC)
)
(/opt/local/share/texmf-texlive/tex/latex/graphics-cfg/graphics.cfg
File: graphics.cfg 2016/06/04 v1.11 sample graphics configuration
)
Package graphics Info: Driver file: pdftex.def on input line 99.

(/opt/local/share/texmf-texlive/tex/latex/graphics-def/pdftex.def
File: pdftex.def 2018/01/08 v1.0l Graphics/color driver for pdftex
))
\Gin@req@height=\dimen122
\Gin@req@width=\dimen123
)
(/opt/local/share/texmf-texlive/tex/latex/fancyhdr/fancyhdr.sty
Package: fancyhdr 2017/06/30 v3.9a Extensive control of page headers and footer
s
\f@nch@headwidth=\skip57
\f@nch@O@elh=\skip58
\f@nch@O@erh=\skip59
\f@nch@O@olh=\skip60
\f@nch@O@orh=\skip61
\f@nch@O@elf=\skip62
\f@nch@O@erf=\skip63
\f@nch@O@olf=\skip64
\f@nch@O@orf=\skip65
)
(/opt/local/share/texmf-texlive/tex/latex/base/textcomp.sty
Package: textcomp 2017/04/05 v2.0i Standard LaTeX package
Package textcomp Info: Sub-encoding information:
(textcomp)               5 = only ISO-Adobe without \textcurrency
(textcomp)               4 = 5 + \texteuro
(textcomp)               3 = 4 + \textohm
(textcomp)               2 = 3 + \textestimated + \textcurrency
(textcomp)               1 = TS1 - \textcircled - \t
(textcomp)               0 = TS1 (full)
(textcomp)             Font families with sub-encoding setting implement
(textcomp)             only a restricted character set as indicated.
(textcomp)             Family '?' is the default used for unknown fonts.
(textcomp)             See the documentation for details.
Package textcomp Info: Setting ? sub-encoding to TS1/1 on input line 79.

(/opt/local/share/texmf-texlive/tex/latex/base/ts1enc.def
File: ts1enc.def 2001/06/05 v3.0e (jk/car/fm) Standard LaTeX file
Now handling font encoding TS1 ...
... processing UTF-8 mapping file for font encoding TS1

(/opt/local/share/texmf-texlive/tex/latex/base/ts1enc.dfu
File: ts1enc.dfu 2018/04/05 v1.2c UTF-8 support for inputenc
   defining Unicode char U+00A2 (decimal 162)
   defining Unicode char U+00A3 (decimal 163)
   defining Unicode char U+00A4 (decimal 164)
   defining Unicode char U+00A5 (decimal 165)
   defining Unicode char U+00A6 (decimal 166)
   defining Unicode char U+00A7 (decimal 167)
   defining Unicode char U+00A8 (decimal 168)
   defining Unicode char U+00A9 (decimal 169)
   defining Unicode char U+00AA (decimal 170)
   defining Unicode char U+00AC (decimal 172)
   defining Unicode char U+00AE (decimal 174)
   defining Unicode char U+00AF (decimal 175)
   defining Unicode char U+00B0 (decimal 176)
   defining Unicode char U+00B1 (decimal 177)
   defining Unicode char U+00B2 (decimal 178)
   defining Unicode char U+00B3 (decimal 179)
   defining Unicode char U+00B4 (decimal 180)
   defining Unicode char U+00B5 (decimal 181)
   defining Unicode char U+00B6 (decimal 182)
   defining Unicode char U+00B7 (decimal 183)
   defining Unicode char U+00B9 (decimal 185)
   defining Unicode char U+00BA (decimal 186)
   defining Unicode char U+00BC (decimal 188)
   defining Unicode char U+00BD (decimal 189)
   defining Unicode char U+00BE (decimal 190)
   defining Unicode char U+00D7 (decimal 215)
   defining Unicode char U+00F7 (decimal 247)
   defining Unicode char U+0192 (decimal 402)
   defining Unicode char U+02C7 (decimal 711)
   defining Unicode char U+02D8 (decimal 728)
   defining Unicode char U+02DD (decimal 733)
   defining Unicode char U+0E3F (decimal 3647)
   defining Unicode char U+2016 (decimal 8214)
   defining Unicode char U+2020 (decimal 8224)
   defining Unicode char U+2021 (decimal 8225)
   defining Unicode char U+2022 (decimal 8226)
   defining Unicode char U+2030 (decimal 8240)
   defining Unicode char U+2031 (decimal 8241)
   defining Unicode char U+203B (decimal 8251)
   defining Unicode char U+203D (decimal 8253)
   defining Unicode char U+2044 (decimal 8260)
   defining Unicode char U+204E (decimal 8270)
   defining Unicode char U+2052 (decimal 8274)
   defining Unicode char U+20A1 (decimal 8353)
   defining Unicode char U+20A4 (decimal 8356)
   defining Unicode char U+20A6 (decimal 8358)
   defining Unicode char U+20A9 (decimal 8361)
   defining Unicode char U+20AB (decimal 8363)
   defining Unicode char U+20AC (decimal 8364)
   defining Unicode char U+20B1 (decimal 8369)
   defining Unicode char U+2103 (decimal 8451)
   defining Unicode char U+2116 (decimal 8470)
   defining Unicode char U+2117 (decimal 8471)
   defining Unicode char U+211E (decimal 8478)
   defining Unicode char U+2120 (decimal 8480)
   defining Unicode char U+2122 (decimal 8482)
   defining Unicode char U+2126 (decimal 8486)
   defining Unicode char U+2127 (decimal 8487)
   defining Unicode char U+212E (decimal 8494)
   defining Unicode char U+2190 (decimal 8592)
   defining Unicode char U+2191 (decimal 8593)
   defining Unicode char U+2192 (decimal 8594)
   defining Unicode char U+2193 (decimal 8595)
   defining Unicode char U+2329 (decimal 9001)
   defining Unicode char U+232A (decimal 9002)
   defining Unicode char U+2422 (decimal 9250)
   defining Unicode char U+25E6 (decimal 9702)
   defining Unicode char U+25EF (decimal 9711)
   defining Unicode char U+266A (decimal 9834)
   defining Unicode char U+FEFF (decimal 65279)
))
LaTeX Info: Redefining \oldstylenums on input line 334.
Package textcomp Info: Setting cmr sub-encoding to TS1/0 on input line 349.
Package textcomp Info: Setting cmss sub-encoding to TS1/0 on input line 350.
Package textcomp Info: Setting cmtt sub-encoding to TS1/0 on input line 351.
Package textcomp Info: Setting cmvtt sub-encoding to TS1/0 on input line 352.
Package textcomp Info: Setting cmbr sub-encoding to TS1/0 on input line 353.
Package textcomp Info: Setting cmtl sub-encoding to TS1/0 on input line 354.
Package textcomp Info: Setting ccr sub-encoding to TS1/0 on input line 355.
Package textcomp Info: Setting ptm sub-encoding to TS1/4 on input line 356.
Package textcomp Info: Setting pcr sub-encoding to TS1/4 on input line 357.
Package textcomp Info: Setting phv sub-encoding to TS1/4 on input line 358.
Package textcomp Info: Setting ppl sub-encoding to TS1/3 on input line 359.
Package textcomp Info: Setting pag sub-encoding to TS1/4 on input line 360.
Package textcomp Info: Setting pbk sub-encoding to TS1/4 on input line 361.
Package textcomp Info: Setting pnc sub-encoding to TS1/4 on input line 362.
Package textcomp Info: Setting pzc sub-encoding to TS1/4 on input line 363.
Package textcomp Info: Setting bch sub-encoding to TS1/4 on input line 364.
Package textcomp Info: Setting put sub-encoding to TS1/5 on input line 365.
Package textcomp Info: Setting uag sub-encoding to TS1/5 on input line 366.
Package textcomp Info: Setting ugq sub-encoding to TS1/5 on input line 367.
Package textcomp Info: Setting ul8 sub-encoding to TS1/4 on input line 368.
Package textcomp Info: Setting ul9 sub-encoding to TS1/4 on input line 369.
Package textcomp Info: Setting augie sub-encoding to TS1/5 on input line 370.
Package textcomp Info: Setting dayrom sub-encoding to TS1/3 on input line 371.
Package textcomp Info: Setting dayroms sub-encoding to TS1/3 on input line 372.

Package textcomp Info: Setting pxr sub-encoding to TS1/0 on input line 373.
Package textcomp Info: Setting pxss sub-encoding to TS1/0 on input line 374.
Package textcomp Info: Setting pxtt sub-encoding to TS1/0 on input line 375.
Package textcomp Info: Setting txr sub-encoding to TS1/0 on input line 376.
Package textcomp Info: Setting txss sub-encoding to TS1/0 on input line 377.
Package textcomp Info: Setting txtt sub-encoding to TS1/0 on input line 378.
Package textcomp Info: Setting lmr sub-encoding to TS1/0 on input line 379.
Package textcomp Info: Setting lmdh sub-encoding to TS1/0 on input line 380.
Package textcomp Info: Setting lmss sub-encoding to TS1/0 on input line 381.
Package textcomp Info: Setting lmssq sub-encoding to TS1/0 on input line 382.
Package textcomp Info: Setting lmvtt sub-encoding to TS1/0 on input line 383.
Package textcomp Info: Setting lmtt sub-encoding to TS1/0 on input line 384.
Package textcomp Info: Setting qhv sub-encoding to TS1/0 on input line 385.
Package textcomp Info: Setting qag sub-encoding to TS1/0 on input line 386.
Package textcomp Info: Setting qbk sub-encoding to TS1/0 on input line 387.
Package textcomp Info: Setting qcr sub-encoding to TS1/0 on input line 388.
Package textcomp Info: Setting qcs sub-encoding to TS1/0 on input line 389.
Package textcomp Info: Setting qpl sub-encoding to TS1/0 on input line 390.
Package textcomp Info: Setting qtm sub-encoding to TS1/0 on input line 391.
Package textcomp Info: Setting qzc sub-encoding to TS1/0 on input line 392.
Package textcomp Info: Setting qhvc sub-encoding to TS1/0 on input line 393.
Package textcomp Info: Setting futs sub-encoding to TS1/4 on input line 394.
Package textcomp Info: Setting futx sub-encoding to TS1/4 on input line 395.
Package textcomp Info: Setting futj sub-encoding to TS1/4 on input line 396.
Package textcomp Info: Setting hlh sub-encoding to TS1/3 on input line 397.
Package textcomp Info: Setting hls sub-encoding to TS1/3 on input line 398.
Package textcomp Info: Setting hlst sub-encoding to TS1/3 on input line 399.
Package textcomp Info: Setting hlct sub-encoding to TS1/5 on input line 400.
Package textcomp Info: Setting hlx sub-encoding to TS1/5 on input line 401.
Package textcomp Info: Setting hlce sub-encoding to TS1/5 on input line 402.
Package textcomp Info: Setting hlcn sub-encoding to TS1/5 on input line 403.
Package textcomp Info: Setting hlcw sub-encoding to TS1/5 on input line 404.
Package textcomp Info: Setting hlcf sub-encoding to TS1/5 on input line 405.
Package textcomp Info: Setting pplx sub-encoding to TS1/3 on input line 406.
Package textcomp Info: Setting pplj sub-encoding to TS1/3 on input line 407.
Package textcomp Info: Setting ptmx sub-encoding to TS1/4 on input line 408.
Package textcomp Info: Setting ptmj sub-encoding to TS1/4 on input line 409.
)
(/opt/local/share/texmf-texlive/tex/latex/titlesec/titlesec.sty
Package: titlesec 2016/03/21 v2.10.2 Sectioning titles
\ttl@box=\box32
\beforetitleunit=\skip66
\aftertitleunit=\skip67
\ttl@plus=\dimen124
\ttl@minus=\dimen125
\ttl@toksa=\toks24
\titlewidth=\dimen126
\titlewidthlast=\dimen127
\titlewidthfirst=\dimen128
)
(/opt/local/share/texmf-texlive/tex/latex/tabulary/tabulary.sty
Package: tabulary 2014/06/11 v0.10 tabulary package (DPC)

(/opt/local/share/texmf-texlive/tex/latex/tools/array.sty
Package: array 2018/04/07 v2.4g Tabular extension package (FMi)
\col@sep=\dimen129
\ar@mcellbox=\box33
\extrarowheight=\dimen130
\NC@list=\toks25
\extratabsurround=\skip68
\backup@length=\skip69
\ar@cellbox=\box34
)
\TY@count=\count113
\TY@linewidth=\dimen131
\tymin=\dimen132
\tymax=\dimen133
\TY@tablewidth=\dimen134
)
(/opt/local/share/texmf-texlive/tex/latex/base/makeidx.sty
Package: makeidx 2014/09/29 v1.0m Standard LaTeX package
)
(/opt/local/share/texmf-texlive/tex/latex/framed/framed.sty
Package: framed 2011/10/22 v 0.96: framed or shaded text with page breaks
\OuterFrameSep=\skip70
\fb@frw=\dimen135
\fb@frh=\dimen136
\FrameRule=\dimen137
\FrameSep=\dimen138
)
(/opt/local/share/texmf-texlive/tex/latex/xcolor/xcolor.sty
Package: xcolor 2016/05/11 v2.12 LaTeX color extensions (UK)

(/opt/local/share/texmf-texlive/tex/latex/graphics-cfg/color.cfg
File: color.cfg 2016/01/02 v1.6 sample color configuration
)
Package xcolor Info: Driver file: pdftex.def on input line 225.
Package xcolor Info: Model `cmy' substituted by `cmy0' on input line 1348.
Package xcolor Info: Model `hsb' substituted by `rgb' on input line 1352.
Package xcolor Info: Model `RGB' extended on input line 1364.
Package xcolor Info: Model `HTML' substituted by `rgb' on input line 1366.
Package xcolor Info: Model `Hsb' substituted by `hsb' on input line 1367.
Package xcolor Info: Model `tHsb' substituted by `hsb' on input line 1368.
Package xcolor Info: Model `HSB' substituted by `hsb' on input line 1369.
Package xcolor Info: Model `Gray' substituted by `gray' on input line 1370.
Package xcolor Info: Model `wave' substituted by `hsb' on input line 1371.
)
(/opt/local/share/texmf-texlive/tex/latex/fancyvrb/fancyvrb.sty
Package: fancyvrb 2008/02/07

Style option: `fancyvrb' v2.7a, with DG/SPQR fixes, and firstline=lastline fix 
<2008/02/07> (tvz)
\FV@CodeLineNo=\count114
\FV@InFile=\read1
\FV@TabBox=\box35
\c@FancyVerbLine=\count115
\FV@StepNumber=\count116
\FV@OutFile=\write3
)
(/opt/local/share/texmf-texlive/tex/latex/threeparttable/threeparttable.sty
Package: threeparttable 2003/06/13  v 3.0
\@tempboxb=\box36
)
(./footnotehyper-sphinx.sty
Package: footnotehyper-sphinx 2016/10/27 v0.9f hyperref aware footnote.sty for 
sphinx (JFB)

(/opt/local/share/texmf-texlive/tex/latex/mdwtools/footnote.sty
Package: footnote 1997/01/28 1.13 Save footnotes around boxes
\fn@notes=\box37
\fn@width=\dimen139
))
(/opt/local/share/texmf-texlive/tex/latex/float/float.sty
Package: float 2001/11/08 v1.3d Float enhancements (AL)
\c@float@type=\count117
\float@exts=\toks26
\float@box=\box38
\@float@everytoks=\toks27
\@floatcapt=\box39
)
(/opt/local/share/texmf-texlive/tex/latex/wrapfig/wrapfig.sty
\wrapoverhang=\dimen140
\WF@size=\dimen141
\c@WF@wrappedlines=\count118
\WF@box=\box40
\WF@everypar=\toks28
Package: wrapfig 2003/01/31  v 3.6
)
(/opt/local/share/texmf-texlive/tex/latex/parskip/parskip.sty
Package: parskip 2001/04/09 non-zero parskip adjustments
)
(/opt/local/share/texmf-texlive/tex/latex/base/alltt.sty
Package: alltt 1997/06/16 v2.0g defines alltt environment
)
(/opt/local/share/texmf-texlive/tex/latex/upquote/upquote.sty
Package: upquote 2012/04/19 v1.3 upright-quote and grave-accent glyphs in verba
tim
)
(/opt/local/share/texmf-texlive/tex/latex/oberdiek/kvoptions.sty
Package: kvoptions 2016/05/16 v3.12 Key value format for package options (HO)

(/opt/local/share/texmf-texlive/tex/generic/oberdiek/ltxcmds.sty
Package: ltxcmds 2016/05/16 v1.23 LaTeX kernel commands for general use (HO)
)
(/opt/local/share/texmf-texlive/tex/generic/oberdiek/kvsetkeys.sty
Package: kvsetkeys 2016/05/16 v1.17 Key value parser (HO)

(/opt/local/share/texmf-texlive/tex/generic/oberdiek/infwarerr.sty
Package: infwarerr 2016/05/16 v1.4 Providing info/warning/error messages (HO)
)
(/opt/local/share/texmf-texlive/tex/generic/oberdiek/etexcmds.sty
Package: etexcmds 2016/05/16 v1.6 Avoid name clashes with e-TeX commands (HO)

(/opt/local/share/texmf-texlive/tex/generic/oberdiek/ifluatex.sty
Package: ifluatex 2016/05/16 v1.4 Provides the ifluatex switch (HO)
Package ifluatex Info: LuaTeX not detected.
)
Package etexcmds Info: Could not find \expanded.
(etexcmds)             That can mean that you are not using pdfTeX 1.50 or
(etexcmds)             that some package has redefined \expanded.
(etexcmds)             In the latter case, load this package earlier.
)))
\sphinxverbatimsep=\dimen142
\sphinxverbatimborder=\dimen143
\sphinxshadowsep=\dimen144
\sphinxshadowsize=\dimen145
\sphinxshadowrule=\dimen146
\spx@notice@border=\dimen147

(/opt/local/share/texmf-texlive/tex/generic/pdftex/pdfcolor.tex)
\spx@VerbatimTitleBox=\box41
\sphinxcontinuationbox=\box42
\sphinxvisiblespacebox=\box43
\py@argswidth=\skip71
\lineblockindentation=\skip72
\spx@image@box=\box44
\DUlineblockindent=\skip73
\c@literalblock=\count119

(/opt/local/share/texmf-texlive/tex/latex/capt-of/capt-of.sty
Package: capt-of 2009/12/29 v0.2 standard captions outside of floats
) (./needspace.sty
Package: needspace 2010/09/12 v1.3d reserve vertical space
)
** (sphinx) defining (legacy) text style macros without \sphinx prefix
** if clashes with packages, set latex_keep_old_macro_names=False in conf.py
(./sphinxhighlight.sty
Package: sphinxhighlight 2016/05/29 stylesheet for highlighting with pygments
))
(/opt/local/share/texmf-texlive/tex/latex/multirow/multirow.sty
Package: multirow 2016/11/25 v2.2 Span multiple rows of a table
\multirow@colwidth=\skip74
\multirow@cntb=\count120
\multirow@dima=\skip75
\bigstrutjot=\dimen148
)
(/opt/local/share/texmf-texlive/tex/latex/eqparbox/eqparbox.sty
Package: eqparbox 2017/09/03 v4.1 Create equal-widthed boxes
\eqp@tempdima=\skip76
\eqp@tempdimb=\skip77
\eqp@tabular@box=\box45
\eqp@list@box=\box46
\eqp@list@indent=\skip78

(/opt/local/share/texmf-texlive/tex/latex/environ/environ.sty
Package: environ 2014/05/04 v0.3 A new way to define environments

(/opt/local/share/texmf-texlive/tex/latex/trimspaces/trimspaces.sty
Package: trimspaces 2009/09/17 v1.1 Trim spaces around a token list
)))
(/opt/local/share/texmf-texlive/tex/latex/hyperref/hyperref.sty
Package: hyperref 2018/02/06 v6.86b Hypertext links for LaTeX

(/opt/local/share/texmf-texlive/tex/generic/oberdiek/hobsub-hyperref.sty
Package: hobsub-hyperref 2016/05/16 v1.14 Bundle oberdiek, subset hyperref (HO)


(/opt/local/share/texmf-texlive/tex/generic/oberdiek/hobsub-generic.sty
Package: hobsub-generic 2016/05/16 v1.14 Bundle oberdiek, subset generic (HO)
Package: hobsub 2016/05/16 v1.14 Construct package bundles (HO)
Package hobsub Info: Skipping package `infwarerr' (already loaded).
Package hobsub Info: Skipping package `ltxcmds' (already loaded).
Package hobsub Info: Skipping package `ifluatex' (already loaded).
Package hobsub Info: Skipping package `ifvtex' (already loaded).
Package: intcalc 2016/05/16 v1.2 Expandable calculations with integers (HO)
Package hobsub Info: Skipping package `ifpdf' (already loaded).
Package hobsub Info: Skipping package `etexcmds' (already loaded).
Package hobsub Info: Skipping package `kvsetkeys' (already loaded).
Package: kvdefinekeys 2016/05/16 v1.4 Define keys (HO)
Package: pdftexcmds 2018/01/30 v0.27 Utility functions of pdfTeX for LuaTeX (HO
)
Package pdftexcmds Info: LuaTeX not detected.
Package pdftexcmds Info: \pdf@primitive is available.
Package pdftexcmds Info: \pdf@ifprimitive is available.
Package pdftexcmds Info: \pdfdraftmode found.
Package: pdfescape 2016/05/16 v1.14 Implements pdfTeX's escape features (HO)
Package: bigintcalc 2016/05/16 v1.4 Expandable calculations on big integers (HO
)
Package: bitset 2016/05/16 v1.2 Handle bit-vector datatype (HO)
Package: uniquecounter 2016/05/16 v1.3 Provide unlimited unique counter (HO)
)
Package hobsub Info: Skipping package `hobsub' (already loaded).
Package: letltxmacro 2016/05/16 v1.5 Let assignment for LaTeX macros (HO)
Package: hopatch 2016/05/16 v1.3 Wrapper for package hooks (HO)
Package: xcolor-patch 2016/05/16 xcolor patch
Package: atveryend 2016/05/16 v1.9 Hooks at the very end of document (HO)
Package atveryend Info: \enddocument detected (standard20110627).
Package: atbegshi 2016/06/09 v1.18 At begin shipout hook (HO)
Package: refcount 2016/05/16 v3.5 Data extraction from label references (HO)
Package: hycolor 2016/05/16 v1.8 Color options for hyperref/bookmark (HO)
)
(/opt/local/share/texmf-texlive/tex/latex/oberdiek/auxhook.sty
Package: auxhook 2016/05/16 v1.4 Hooks for auxiliary files (HO)
)
\@linkdim=\dimen149
\Hy@linkcounter=\count121
\Hy@pagecounter=\count122

(/opt/local/share/texmf-texlive/tex/latex/hyperref/pd1enc.def
File: pd1enc.def 2018/02/06 v6.86b Hyperref: PDFDocEncoding definition (HO)
Now handling font encoding PD1 ...
... no UTF-8 mapping file for font encoding PD1
)
\Hy@SavedSpaceFactor=\count123

(/opt/local/share/texmf-texlive/tex/latex/latexconfig/hyperref.cfg
File: hyperref.cfg 2002/06/06 v1.2 hyperref configuration of TeXLive
)
Package hyperref Info: Option `unicode' set `true' on input line 4383.

(/opt/local/share/texmf-texlive/tex/latex/hyperref/puenc.def
File: puenc.def 2018/02/06 v6.86b Hyperref: PDF Unicode definition (HO)
Now handling font encoding PU ...
... no UTF-8 mapping file for font encoding PU
)
Package hyperref Info: Option `colorlinks' set `true' on input line 4383.
Package hyperref Info: Option `breaklinks' set `true' on input line 4383.
Package hyperref Info: Hyper figures OFF on input line 4509.
Package hyperref Info: Link nesting OFF on input line 4514.
Package hyperref Info: Hyper index ON on input line 4517.
Package hyperref Info: Plain pages OFF on input line 4524.
Package hyperref Info: Backreferencing OFF on input line 4529.
Package hyperref Info: Implicit mode ON; LaTeX internals redefined.
Package hyperref Info: Bookmarks ON on input line 4762.
\c@Hy@tempcnt=\count124

(/opt/local/share/texmf-texlive/tex/latex/url/url.sty
\Urlmuskip=\muskip11
Package: url 2013/09/16  ver 3.4  Verb mode for urls, etc.
)
LaTeX Info: Redefining \url on input line 5115.
\XeTeXLinkMargin=\dimen150
\Fld@menulength=\count125
\Field@Width=\dimen151
\Fld@charsize=\dimen152
Package hyperref Info: Hyper figures OFF on input line 6369.
Package hyperref Info: Link nesting OFF on input line 6374.
Package hyperref Info: Hyper index ON on input line 6377.
Package hyperref Info: backreferencing OFF on input line 6384.
Package hyperref Info: Link coloring ON on input line 6387.
Package hyperref Info: Link coloring with OCG OFF on input line 6394.
Package hyperref Info: PDF/A mode OFF on input line 6399.
LaTeX Info: Redefining \ref on input line 6439.
LaTeX Info: Redefining \pageref on input line 6443.
\Hy@abspage=\count126
\c@Item=\count127
\c@Hfootnote=\count128
)
Package hyperref Info: Driver (autodetected): hpdftex.

(/opt/local/share/texmf-texlive/tex/latex/hyperref/hpdftex.def
File: hpdftex.def 2018/02/06 v6.86b Hyperref driver for pdfTeX
\Fld@listcount=\count129
\c@bookmark@seq@number=\count130

(/opt/local/share/texmf-texlive/tex/latex/oberdiek/rerunfilecheck.sty
Package: rerunfilecheck 2016/05/16 v1.8 Rerun checks for auxiliary files (HO)
Package uniquecounter Info: New unique counter `rerunfilecheck' on input line 2
82.
)
\Hy@SectionHShift=\skip79
)
(/opt/local/share/texmf-texlive/tex/latex/oberdiek/hypcap.sty
Package: hypcap 2016/05/16 v1.12 Adjusting the anchors of captions (HO)
)
\@indexfile=\write4
\openout4 = `Myblog.idx'.


Writing index file Myblog.idx
(./Myblog.aux)
\openout1 = `Myblog.aux'.

LaTeX Font Info:    Checking defaults for OML/cmm/m/it on input line 51.
LaTeX Font Info:    ... okay on input line 51.
LaTeX Font Info:    Checking defaults for T1/cmr/m/n on input line 51.
LaTeX Font Info:    ... okay on input line 51.
LaTeX Font Info:    Checking defaults for OT1/cmr/m/n on input line 51.
LaTeX Font Info:    ... okay on input line 51.
LaTeX Font Info:    Checking defaults for OMS/cmsy/m/n on input line 51.
LaTeX Font Info:    ... okay on input line 51.
LaTeX Font Info:    Checking defaults for OMX/cmex/m/n on input line 51.
LaTeX Font Info:    ... okay on input line 51.
LaTeX Font Info:    Checking defaults for U/cmr/m/n on input line 51.
LaTeX Font Info:    ... okay on input line 51.
LaTeX Font Info:    Checking defaults for TS1/cmr/m/n on input line 51.
LaTeX Font Info:    Try loading font information for TS1+cmr on input line 51.
 (/opt/local/share/texmf-texlive/tex/latex/base/ts1cmr.fd
File: ts1cmr.fd 2014/09/29 v2.5h Standard LaTeX font definitions
)
LaTeX Font Info:    ... okay on input line 51.
LaTeX Font Info:    Checking defaults for PD1/pdf/m/n on input line 51.
LaTeX Font Info:    ... okay on input line 51.
LaTeX Font Info:    Checking defaults for PU/pdf/m/n on input line 51.
LaTeX Font Info:    ... okay on input line 51.
LaTeX Font Info:    Try loading font information for T1+ptm on input line 51.

(/opt/local/share/texmf-texlive/tex/latex/psnfss/t1ptm.fd
File: t1ptm.fd 2001/06/04 font definitions for T1/ptm.
)
*geometry* driver: auto-detecting
*geometry* detected driver: pdftex
*geometry* verbose mode - [ preamble ] result:
* driver: pdftex
* paper: letterpaper
* layout: <same size as paper>
* layoutoffset:(h,v)=(0.0pt,0.0pt)
* modes: twoside 
* h-part:(L,W,R)=(72.26999pt, 469.75502pt, 72.26999pt)
* v-part:(T,H,B)=(72.26999pt, 650.43001pt, 72.26999pt)
* \paperwidth=614.295pt
* \paperheight=794.96999pt
* \textwidth=469.75502pt
* \textheight=650.43001pt
* \oddsidemargin=0.0pt
* \evensidemargin=0.0pt
* \topmargin=-37.0pt
* \headheight=12.0pt
* \headsep=25.0pt
* \topskip=10.0pt
* \footskip=30.0pt
* \marginparwidth=36.135pt
* \marginparsep=11.0pt
* \columnsep=10.0pt
* \skip\footins=9.0pt plus 4.0pt minus 2.0pt
* \hoffset=0.0pt
* \voffset=0.0pt
* \mag=1000
* \@twocolumnfalse
* \@twosidetrue
* \@mparswitchtrue
* \@reversemarginfalse
* (1in=72.27pt=25.4mm, 1cm=28.453pt)

(/opt/local/share/texmf-texlive/tex/context/base/mkii/supp-pdf.mkii
[Loading MPS to PDF converter (version 2006.09.02).]
\scratchcounter=\count131
\scratchdimen=\dimen153
\scratchbox=\box47
\nofMPsegments=\count132
\nofMParguments=\count133
\everyMPshowfont=\toks29
\MPscratchCnt=\count134
\MPscratchDim=\dimen154
\MPnumerator=\count135
\makeMPintoPDFobject=\count136
\everyMPtoPDFconversion=\toks30
) (/opt/local/share/texmf-texlive/tex/latex/oberdiek/epstopdf-base.sty
Package: epstopdf-base 2016/05/15 v2.6 Base part for package epstopdf

(/opt/local/share/texmf-texlive/tex/latex/oberdiek/grfext.sty
Package: grfext 2016/05/16 v1.2 Manage graphics extensions (HO)
)
Package epstopdf-base Info: Redefining graphics rule for `.eps' on input line 4
38.
Package grfext Info: Graphics extension search list:
(grfext)             [.pdf,.png,.jpg,.mps,.jpeg,.jbig2,.jb2,.PDF,.PNG,.JPG,.JPE
G,.JBIG2,.JB2,.eps]
(grfext)             \AppendGraphicsExtensions on input line 456.

(/opt/local/share/texmf-texlive/tex/latex/latexconfig/epstopdf-sys.cfg
File: epstopdf-sys.cfg 2010/07/13 v1.3 Configuration of (r)epstopdf for TeX Liv
e
))
\AtBeginShipoutBox=\box48
Package hyperref Info: Link coloring ON on input line 51.

(/opt/local/share/texmf-texlive/tex/latex/hyperref/nameref.sty
Package: nameref 2016/05/21 v2.44 Cross-referencing by name of section

(/opt/local/share/texmf-texlive/tex/generic/oberdiek/gettitlestring.sty
Package: gettitlestring 2016/05/16 v1.5 Cleanup title references (HO)
)
\c@section@level=\count137
)
LaTeX Info: Redefining \ref on input line 51.
LaTeX Info: Redefining \pageref on input line 51.
LaTeX Info: Redefining \nameref on input line 51.

(./Myblog.out) (./Myblog.out)
\@outlinefile=\write5
\openout5 = `Myblog.out'.

Package hyperref Info: Option `pageanchor' set `false' on input line 54.
LaTeX Font Info:    Try loading font information for T1+phv on input line 54.

(/opt/local/share/texmf-texlive/tex/latex/psnfss/t1phv.fd
File: t1phv.fd 2001/06/04 scalable font definitions for T1/phv.
)
LaTeX Font Info:    Font shape `T1/phv/bx/n' in size <10> not available
(Font)              Font shape `T1/phv/b/n' tried instead on input line 54.
LaTeX Font Info:    Font shape `T1/phv/bx/n' in size <24.88> not available
(Font)              Font shape `T1/phv/b/n' tried instead on input line 54.
LaTeX Font Info:    Font shape `T1/phv/bx/it' in size <10> not available
(Font)              Font shape `T1/phv/b/it' tried instead on input line 54.
LaTeX Font Info:    Font shape `T1/phv/b/it' in size <10> not available
(Font)              Font shape `T1/phv/b/sl' tried instead on input line 54.
LaTeX Font Info:    Font shape `T1/phv/bx/it' in size <17.28> not available
(Font)              Font shape `T1/phv/b/it' tried instead on input line 54.
LaTeX Font Info:    Font shape `T1/phv/b/it' in size <17.28> not available
(Font)              Font shape `T1/phv/b/sl' tried instead on input line 54.
LaTeX Font Info:    Font shape `T1/phv/bx/n' in size <17.28> not available
(Font)              Font shape `T1/phv/b/n' tried instead on input line 54.
<<ot1.cmap>><<oml.cmap>><<oms.cmap>><<omx.cmap>>
LaTeX Font Info:    Try loading font information for U+msa on input line 54.

(/opt/local/share/texmf-texlive/tex/latex/amsfonts/umsa.fd
File: umsa.fd 2013/01/14 v3.01 AMS symbols A
)
LaTeX Font Info:    Try loading font information for U+msb on input line 54.

(/opt/local/share/texmf-texlive/tex/latex/amsfonts/umsb.fd
File: umsb.fd 2013/01/14 v3.01 AMS symbols B
)
LaTeX Font Info:    Font shape `T1/phv/bx/n' in size <12> not available
(Font)              Font shape `T1/phv/b/n' tried instead on input line 54.
 [1

{/opt/local/var/db/texmf/fonts/map/pdftex/updmap/pdftex.map}] [2

]
LaTeX Font Info:    Font shape `T1/phv/bx/n' in size <14.4> not available
(Font)              Font shape `T1/phv/b/n' tried instead on input line 54.
 (./Myblog.toc
LaTeX Font Info:    Font shape `T1/ptm/bx/n' in size <10> not available
(Font)              Font shape `T1/ptm/b/n' tried instead on input line 2.


! Package inputenc Error: Unicode character \GenericError {(inputenc)          
      }{Package inputenc Error: Unicode character ÂÖ• (U+5165)
(inputenc) not set up for use with LaTeX}{See the inputenc package documentatio
n for explanation.}{You may provide a definition with
(inputenc) \DeclareUnicodeCharacter } (U+5165)
(inputenc) not set up for use with LaTeX.

See the inputenc package documentation for explanation.
Type  H <return>  for immediate help.
 ...                                              
                                                  
l.2 ...n> to continue without it.}}}{1}{chapter.1}
                                                  
? q
OK, entering \batchmode...

! Package inputenc Error: Unicode character \GenericError {(inputenc)          
      }{Package inputenc Error: Unicode character Èó® (U+95E8)
(inputenc) not set up for use with LaTeX}{See the inputenc package documentatio
n for explanation.}{You may provide a definition with
(inputenc) \DeclareUnicodeCharacter } (U+95E8)
(inputenc) not set up for use with LaTeX.

See the inputenc package documentation for explanation.
Type  H <return>  for immediate help.
 ...                                              
                                                  
l.2 ...n> to continue without it.}}}{1}{chapter.1}
                                                  
You may provide a definition with
\GenericError { }{LaTeX Error: Can be used only in preamble}{See the LaTeX manu
al or LaTeX Companion for explanation.}{Your command was ignored.
Type I <command> <return> to replace it with another command,
or <return> to continue without it.}


! Package inputenc Error: Unicode character \GenericError {(inputenc)          
      }{Package inputenc Error: Unicode character ÁØá (U+7BC7)
(inputenc) not set up for use with LaTeX}{See the inputenc package documentatio
n for explanation.}{You may provide a definition with
(inputenc) \DeclareUnicodeCharacter } (U+7BC7)
(inputenc) not set up for use with LaTeX.

See the inputenc package documentation for explanation.
Type  H <return>  for immediate help.
 ...                                              
                                                  
l.2 ...n> to continue without it.}}}{1}{chapter.1}
                                                  
You may provide a definition with
\GenericError { }{LaTeX Error: Can be used only in preamble}{See the LaTeX manu
al or LaTeX Companion for explanation.}{Your command was ignored.
Type I <command> <return> to replace it with another command,
or <return> to continue without it.}


! Package inputenc Error: Unicode character \GenericError {(inputenc)          
      }{Package inputenc Error: Unicode character È´ò (U+9AD8)
(inputenc) not set up for use with LaTeX}{See the inputenc package documentatio
n for explanation.}{You may provide a definition with
(inputenc) \DeclareUnicodeCharacter } (U+9AD8)
(inputenc) not set up for use with LaTeX.

See the inputenc package documentation for explanation.
Type  H <return>  for immediate help.
 ...                                              
                                                  
l.7 ...n> to continue without it.}}}{3}{chapter.2}
                                                  
You may provide a definition with
\GenericError { }{LaTeX Error: Can be used only in preamble}{See the LaTeX manu
al or LaTeX Companion for explanation.}{Your command was ignored.
Type I <command> <return> to replace it with another command,
or <return> to continue without it.}


! Package inputenc Error: Unicode character \GenericError {(inputenc)          
      }{Package inputenc Error: Unicode character Á∫ß (U+7EA7)
(inputenc) not set up for use with LaTeX}{See the inputenc package documentatio
n for explanation.}{You may provide a definition with
(inputenc) \DeclareUnicodeCharacter } (U+7EA7)
(inputenc) not set up for use with LaTeX.

See the inputenc package documentation for explanation.
Type  H <return>  for immediate help.
 ...                                              
                                                  
l.7 ...n> to continue without it.}}}{3}{chapter.2}
                                                  
You may provide a definition with
\GenericError { }{LaTeX Error: Can be used only in preamble}{See the LaTeX manu
al or LaTeX Companion for explanation.}{Your command was ignored.
Type I <command> <return> to replace it with another command,
or <return> to continue without it.}


! Package inputenc Error: Unicode character \GenericError {(inputenc)          
      }{Package inputenc Error: Unicode character ÁØá (U+7BC7)
(inputenc) not set up for use with LaTeX}{See the inputenc package documentatio
n for explanation.}{You may provide a definition with
(inputenc) \DeclareUnicodeCharacter } (U+7BC7)
(inputenc) not set up for use with LaTeX.

See the inputenc package documentation for explanation.
Type  H <return>  for immediate help.
 ...                                              
                                                  
l.7 ...n> to continue without it.}}}{3}{chapter.2}
                                                  
You may provide a definition with
\GenericError { }{LaTeX Error: Can be used only in preamble}{See the LaTeX manu
al or LaTeX Companion for explanation.}{Your command was ignored.
Type I <command> <return> to replace it with another command,
or <return> to continue without it.}


! Package inputenc Error: Unicode character \GenericError {(inputenc)          
      }{Package inputenc Error: Unicode character Ê¢¶ (U+68A6)
(inputenc) not set up for use with LaTeX}{See the inputenc package documentatio
n for explanation.}{You may provide a definition with
(inputenc) \DeclareUnicodeCharacter } (U+68A6)
(inputenc) not set up for use with LaTeX.

See the inputenc package documentation for explanation.
Type  H <return>  for immediate help.
 ...                                              
                                                  
l.14 ...to continue without it.}}}{5}{section.3.2}
                                                  
You may provide a definition with
\GenericError { }{LaTeX Error: Can be used only in preamble}{See the LaTeX manu
al or LaTeX Companion for explanation.}{Your command was ignored.
Type I <command> <return> to replace it with another command,
or <return> to continue without it.}


! Package inputenc Error: Unicode character \GenericError {(inputenc)          
      }{Package inputenc Error: Unicode character ÂØª (U+5BFB)
(inputenc) not set up for use with LaTeX}{See the inputenc package documentatio
n for explanation.}{You may provide a definition with
(inputenc) \DeclareUnicodeCharacter } (U+5BFB)
(inputenc) not set up for use with LaTeX.

See the inputenc package documentation for explanation.
Type  H <return>  for immediate help.
 ...                                              
                                                  
l.15 ...to continue without it.}}}{5}{section.3.3}
                                                  
You may provide a definition with
\GenericError { }{LaTeX Error: Can be used only in preamble}{See the LaTeX manu
al or LaTeX Companion for explanation.}{Your command was ignored.
Type I <command> <return> to replace it with another command,
or <return> to continue without it.}


! Package inputenc Error: Unicode character \GenericError {(inputenc)          
      }{Package inputenc Error: Unicode character Â∫è (U+5E8F)
(inputenc) not set up for use with LaTeX}{See the inputenc package documentatio
n for explanation.}{You may provide a definition with
(inputenc) \DeclareUnicodeCharacter } (U+5E8F)
(inputenc) not set up for use with LaTeX.

See the inputenc package documentation for explanation.
Type  H <return>  for immediate help.
 ...                                              
                                                  
l.16 ...to continue without it.}}}{5}{section.3.4}
                                                  
You may provide a definition with
\GenericError { }{LaTeX Error: Can be used only in preamble}{See the LaTeX manu
al or LaTeX Companion for explanation.}{Your command was ignored.
Type I <command> <return> to replace it with another command,
or <return> to continue without it.}


! Package inputenc Error: Unicode character \GenericError {(inputenc)          
      }{Package inputenc Error: Unicode character Â∞æ (U+5C3E)
(inputenc) not set up for use with LaTeX}{See the inputenc package documentatio
n for explanation.}{You may provide a definition with
(inputenc) \DeclareUnicodeCharacter } (U+5C3E)
(inputenc) not set up for use with LaTeX.

See the inputenc package documentation for explanation.
Type  H <return>  for immediate help.
 ...                                              
                                                  
l.16 ...to continue without it.}}}{5}{section.3.4}
                                                  
You may provide a definition with
\GenericError { }{LaTeX Error: Can be used only in preamble}{See the LaTeX manu
al or LaTeX Companion for explanation.}{Your command was ignored.
Type I <command> <return> to replace it with another command,
or <return> to continue without it.}

)
\tf@toc=\write6
\openout6 = `Myblog.toc'.

 [1

] [2

]
Chapter 1.

! PACKAGE INPUTENC ERROR: UNICODE CHARACTER ≈ÖÖ (U+5165)
(INPUTENC)                NOT SET UP FOR USE WITH LATEX.

SEE THE INPUTENC PACKAGE DOCUMENTATION FOR EXPLANATION.
Type  H <return>  for immediate help.
 ...                                              
                                                  
l.59 \chapter{ÂÖ•Èó®ÁØá}
                        
YOU MAY PROVIDE A DEFINITION WITH
\GenericError {               }{LaTeX Error: Can be used only in preamble}{See 
the LaTeX manual or LaTeX Companion for explanation.}{Your command was ignored.

Type  I <command> <return>  to replace it with another command,
or  <return>  to continue without it.}


! PACKAGE INPUTENC ERROR: UNICODE CHARACTER …óà (U+95E8)
(INPUTENC)                NOT SET UP FOR USE WITH LATEX.

SEE THE INPUTENC PACKAGE DOCUMENTATION FOR EXPLANATION.
Type  H <return>  for immediate help.
 ...                                              
                                                  
l.59 \chapter{ÂÖ•Èó®ÁØá}
                        
YOU MAY PROVIDE A DEFINITION WITH
\GenericError {               }{LaTeX Error: Can be used only in preamble}{See 
the LaTeX manual or LaTeX Companion for explanation.}{Your command was ignored.

Type  I <command> <return>  to replace it with another command,
or  <return>  to continue without it.}


! PACKAGE INPUTENC ERROR: UNICODE CHARACTER «èá (U+7BC7)
(INPUTENC)                NOT SET UP FOR USE WITH LATEX.

SEE THE INPUTENC PACKAGE DOCUMENTATION FOR EXPLANATION.
Type  H <return>  for immediate help.
 ...                                              
                                                  
l.59 \chapter{ÂÖ•Èó®ÁØá}
                        
YOU MAY PROVIDE A DEFINITION WITH
\GenericError {               }{LaTeX Error: Can be used only in preamble}{See 
the LaTeX manual or LaTeX Companion for explanation.}{Your command was ignored.

Type  I <command> <return>  to replace it with another command,
or  <return>  to continue without it.}


! Package inputenc Error: Unicode character Ëøô (U+8FD9)
(inputenc)                not set up for use with LaTeX.

See the inputenc package documentation for explanation.
Type  H <return>  for immediate help.
 ...                                              
                                                  
l.61 Ëøô
        ‰∏ÄÈÉ®ÂàÜ‰∏ªË¶Å‰ªãÁªçÊï∞ÊçÆÁßëÂ≠¶ÁöÑÂÖ•Èó®ÂÜÖÂÆπ;ÂåÖÂê´Êï∞ÊçÆÁßëÂ≠¶Á...

You may provide a definition with
\DeclareUnicodeCharacter 


! Package inputenc Error: Unicode character ‰∏Ä (U+4E00)
(inputenc)                not set up for use with LaTeX.

See the inputenc package documentation for explanation.
Type  H <return>  for immediate help.
 ...                                              
                                                  
l.61 Ëøô‰∏Ä
           ÈÉ®ÂàÜ‰∏ªË¶Å‰ªãÁªçÊï∞ÊçÆÁßëÂ≠¶ÁöÑÂÖ•Èó®ÂÜÖÂÆπ;ÂåÖÂê´Êï∞ÊçÆÁßëÂ≠¶Á...

You may provide a definition with
\DeclareUnicodeCharacter 


! Package inputenc Error: Unicode character ÈÉ® (U+90E8)
(inputenc)                not set up for use with LaTeX.

See the inputenc package documentation for explanation.
Type  H <return>  for immediate help.
 ...                                              
                                                  
l.61 Ëøô‰∏ÄÈÉ®
              ÂàÜ‰∏ªË¶Å‰ªãÁªçÊï∞ÊçÆÁßëÂ≠¶ÁöÑÂÖ•Èó®ÂÜÖÂÆπ;ÂåÖÂê´Êï∞ÊçÆÁßëÂ≠¶Á...

You may provide a definition with
\DeclareUnicodeCharacter 


! Package inputenc Error: Unicode character ÂàÜ (U+5206)
(inputenc)                not set up for use with LaTeX.

See the inputenc package documentation for explanation.
Type  H <return>  for immediate help.
 ...                                              
                                                  
l.61 Ëøô‰∏ÄÈÉ®ÂàÜ
                 ‰∏ªË¶Å‰ªãÁªçÊï∞ÊçÆÁßëÂ≠¶ÁöÑÂÖ•Èó®ÂÜÖÂÆπ;ÂåÖÂê´Êï∞ÊçÆÁßëÂ≠¶Á...

You may provide a definition with
\DeclareUnicodeCharacter 


! Package inputenc Error: Unicode character ‰∏ª (U+4E3B)
(inputenc)                not set up for use with LaTeX.

See the inputenc package documentation for explanation.
Type  H <return>  for immediate help.
 ...                                              
                                                  
l.61 Ëøô‰∏ÄÈÉ®ÂàÜ‰∏ª
                    Ë¶Å‰ªãÁªçÊï∞ÊçÆÁßëÂ≠¶ÁöÑÂÖ•Èó®ÂÜÖÂÆπ;ÂåÖÂê´Êï∞ÊçÆÁßëÂ≠¶Á...

You may provide a definition with
\DeclareUnicodeCharacter 


! Package inputenc Error: Unicode character Ë¶Å (U+8981)
(inputenc)                not set up for use with LaTeX.

See the inputenc package documentation for explanation.
Type  H <return>  for immediate help.
 ...                                              
                                                  
l.61 Ëøô‰∏ÄÈÉ®ÂàÜ‰∏ªË¶Å
                       ‰ªãÁªçÊï∞ÊçÆÁßëÂ≠¶ÁöÑÂÖ•Èó®ÂÜÖÂÆπ;ÂåÖÂê´Êï∞ÊçÆÁßëÂ≠¶Á...

You may provide a definition with
\DeclareUnicodeCharacter 


! Package inputenc Error: Unicode character ‰ªã (U+4ECB)
(inputenc)                not set up for use with LaTeX.

See the inputenc package documentation for explanation.
Type  H <return>  for immediate help.
 ...                                              
                                                  
l.61 Ëøô‰∏ÄÈÉ®ÂàÜ‰∏ªË¶Å‰ªã
                          ÁªçÊï∞ÊçÆÁßëÂ≠¶ÁöÑÂÖ•Èó®ÂÜÖÂÆπ;ÂåÖÂê´Êï∞ÊçÆÁßëÂ≠¶Á...

You may provide a definition with
\DeclareUnicodeCharacter 


! Package inputenc Error: Unicode character Áªç (U+7ECD)
(inputenc)                not set up for use with LaTeX.

See the inputenc package documentation for explanation.
Type  H <return>  for immediate help.
 ...                                              
                                                  
l.61 Ëøô‰∏ÄÈÉ®ÂàÜ‰∏ªË¶Å‰ªãÁªç
                             Êï∞ÊçÆÁßëÂ≠¶ÁöÑÂÖ•Èó®ÂÜÖÂÆπ;ÂåÖÂê´Êï∞ÊçÆÁßëÂ≠¶Á...

You may provide a definition with
\DeclareUnicodeCharacter 


! Package inputenc Error: Unicode character Êï∞ (U+6570)
(inputenc)                not set up for use with LaTeX.

See the inputenc package documentation for explanation.
Type  H <return>  for immediate help.
 ...                                              
                                                  
l.61 Ëøô‰∏ÄÈÉ®ÂàÜ‰∏ªË¶Å‰ªãÁªçÊï∞
                                ÊçÆÁßëÂ≠¶ÁöÑÂÖ•Èó®ÂÜÖÂÆπ;ÂåÖÂê´Êï∞ÊçÆÁßëÂ≠¶Á...

You may provide a definition with
\DeclareUnicodeCharacter 


! Package inputenc Error: Unicode character ÊçÆ (U+636E)
(inputenc)                not set up for use with LaTeX.

See the inputenc package documentation for explanation.
Type  H <return>  for immediate help.
 ...                                              
                                                  
l.61 Ëøô‰∏ÄÈÉ®ÂàÜ‰∏ªË¶Å‰ªãÁªçÊï∞ÊçÆ
                                   ÁßëÂ≠¶ÁöÑÂÖ•Èó®ÂÜÖÂÆπ;ÂåÖÂê´Êï∞ÊçÆÁßëÂ≠¶Á...

You may provide a definition with
\DeclareUnicodeCharacter 


! Package inputenc Error: Unicode character Áßë (U+79D1)
(inputenc)                not set up for use with LaTeX.

See the inputenc package documentation for explanation.
Type  H <return>  for immediate help.
 ...                                              
                                                  
l.61 Ëøô‰∏ÄÈÉ®ÂàÜ‰∏ªË¶Å‰ªãÁªçÊï∞ÊçÆÁßë
                                      Â≠¶ÁöÑÂÖ•Èó®ÂÜÖÂÆπ;ÂåÖÂê´Êï∞ÊçÆÁßëÂ≠¶Á...

You may provide a definition with
\DeclareUnicodeCharacter 


! Package inputenc Error: Unicode character Â≠¶ (U+5B66)
(inputenc)                not set up for use with LaTeX.

See the inputenc package documentation for explanation.
Type  H <return>  for immediate help.
 ...                                              
                                                  
l.61 Ëøô‰∏ÄÈÉ®ÂàÜ‰∏ªË¶Å‰ªãÁªçÊï∞ÊçÆÁßëÂ≠¶
                                         ÁöÑÂÖ•Èó®ÂÜÖÂÆπ;ÂåÖÂê´Êï∞ÊçÆÁßëÂ≠¶Á...

You may provide a definition with
\DeclareUnicodeCharacter 


! Package inputenc Error: Unicode character ÁöÑ (U+7684)
(inputenc)                not set up for use with LaTeX.

See the inputenc package documentation for explanation.
Type  H <return>  for immediate help.
 ...                                              
                                                  
l.61 Ëøô‰∏ÄÈÉ®ÂàÜ‰∏ªË¶Å‰ªãÁªçÊï∞ÊçÆÁßëÂ≠¶ÁöÑ
                                            ÂÖ•Èó®ÂÜÖÂÆπ;ÂåÖÂê´Êï∞ÊçÆÁßëÂ≠¶Á...

You may provide a definition with
\DeclareUnicodeCharacter 


! Package inputenc Error: Unicode character ÂÖ• (U+5165)
(inputenc)                not set up for use with LaTeX.

See the inputenc package documentation for explanation.
Type  H <return>  for immediate help.
 ...                                              
                                                  
l.61 Ëøô‰∏ÄÈÉ®ÂàÜ‰∏ªË¶Å‰ªãÁªçÊï∞ÊçÆÁßëÂ≠¶ÁöÑÂÖ•
                                               Èó®ÂÜÖÂÆπ;ÂåÖÂê´Êï∞ÊçÆÁßëÂ≠¶Á...

You may provide a definition with
\DeclareUnicodeCharacter 


! Package inputenc Error: Unicode character Èó® (U+95E8)
(inputenc)                not set up for use with LaTeX.

See the inputenc package documentation for explanation.
Type  H <return>  for immediate help.
 ...                                              
                                                  
l.61 Ëøô‰∏ÄÈÉ®ÂàÜ‰∏ªË¶Å‰ªãÁªçÊï∞ÊçÆÁßëÂ≠¶ÁöÑÂÖ•Èó®
                                                  ÂÜÖÂÆπ;ÂåÖÂê´Êï∞ÊçÆÁßëÂ≠¶Á...

You may provide a definition with
\DeclareUnicodeCharacter 


! Package inputenc Error: Unicode character ÂÜÖ (U+5185)
(inputenc)                not set up for use with LaTeX.

See the inputenc package documentation for explanation.
Type  H <return>  for immediate help.
 ...                                              
                                                  
l.61 ...ÈÉ®ÂàÜ‰∏ªË¶Å‰ªãÁªçÊï∞ÊçÆÁßëÂ≠¶ÁöÑÂÖ•Èó®ÂÜÖ
                                                  ÂÆπ;ÂåÖÂê´Êï∞ÊçÆÁßëÂ≠¶ÁöÑÂ...

You may provide a definition with
\DeclareUnicodeCharacter 


! Package inputenc Error: Unicode character ÂÆπ (U+5BB9)
(inputenc)                not set up for use with LaTeX.

See the inputenc package documentation for explanation.
Type  H <return>  for immediate help.
 ...                                              
                                                  
l.61 ...ÂàÜ‰∏ªË¶Å‰ªãÁªçÊï∞ÊçÆÁßëÂ≠¶ÁöÑÂÖ•Èó®ÂÜÖÂÆπ
                                                  ;ÂåÖÂê´Êï∞ÊçÆÁßëÂ≠¶ÁöÑÂü∫Á...

You may provide a definition with
\DeclareUnicodeCharacter 


! Package inputenc Error: Unicode character ÂåÖ (U+5305)
(inputenc)                not set up for use with LaTeX.

See the inputenc package documentation for explanation.
Type  H <return>  for immediate help.
 ...                                              
                                                  
l.61 ...∏ªË¶Å‰ªãÁªçÊï∞ÊçÆÁßëÂ≠¶ÁöÑÂÖ•Èó®ÂÜÖÂÆπ;ÂåÖ
                                                  Âê´Êï∞ÊçÆÁßëÂ≠¶ÁöÑÂü∫Á°ÄÂ∑...

You may provide a definition with
\DeclareUnicodeCharacter 


! Package inputenc Error: Unicode character Âê´ (U+542B)
(inputenc)                not set up for use with LaTeX.

See the inputenc package documentation for explanation.
Type  H <return>  for immediate help.
 ...                                              
                                                  
l.61 ...¶Å‰ªãÁªçÊï∞ÊçÆÁßëÂ≠¶ÁöÑÂÖ•Èó®ÂÜÖÂÆπ;ÂåÖÂê´
                                                  Êï∞ÊçÆÁßëÂ≠¶ÁöÑÂü∫Á°ÄÂ∑•ÂÖ...

You may provide a definition with
\DeclareUnicodeCharacter 


! Package inputenc Error: Unicode character Êï∞ (U+6570)
(inputenc)                not set up for use with LaTeX.

See the inputenc package documentation for explanation.
Type  H <return>  for immediate help.
 ...                                              
                                                  
l.61 ...ªãÁªçÊï∞ÊçÆÁßëÂ≠¶ÁöÑÂÖ•Èó®ÂÜÖÂÆπ;ÂåÖÂê´Êï∞
                                                  ÊçÆÁßëÂ≠¶ÁöÑÂü∫Á°ÄÂ∑•ÂÖ∑Ôº...

You may provide a definition with
\DeclareUnicodeCharacter 


! Package inputenc Error: Unicode character ÊçÆ (U+636E)
(inputenc)                not set up for use with LaTeX.

See the inputenc package documentation for explanation.
Type  H <return>  for immediate help.
 ...                                              
                                                  
l.61 ...ªçÊï∞ÊçÆÁßëÂ≠¶ÁöÑÂÖ•Èó®ÂÜÖÂÆπ;ÂåÖÂê´Êï∞ÊçÆ
                                                  ÁßëÂ≠¶ÁöÑÂü∫Á°ÄÂ∑•ÂÖ∑ÔºåÂ¶...

You may provide a definition with
\DeclareUnicodeCharacter 


! Package inputenc Error: Unicode character Áßë (U+79D1)
(inputenc)                not set up for use with LaTeX.

See the inputenc package documentation for explanation.
Type  H <return>  for immediate help.
 ...                                              
                                                  
l.61 ...ï∞ÊçÆÁßëÂ≠¶ÁöÑÂÖ•Èó®ÂÜÖÂÆπ;ÂåÖÂê´Êï∞ÊçÆÁßë
                                                  Â≠¶ÁöÑÂü∫Á°ÄÂ∑•ÂÖ∑ÔºåÂ¶ÇÔº...

You may provide a definition with
\DeclareUnicodeCharacter 


! Package inputenc Error: Unicode character Â≠¶ (U+5B66)
(inputenc)                not set up for use with LaTeX.

See the inputenc package documentation for explanation.
Type  H <return>  for immediate help.
 ...                                              
                                                  
l.61 ...çÆÁßëÂ≠¶ÁöÑÂÖ•Èó®ÂÜÖÂÆπ;ÂåÖÂê´Êï∞ÊçÆÁßëÂ≠¶
                                                  ÁöÑÂü∫Á°ÄÂ∑•ÂÖ∑ÔºåÂ¶ÇÔºöJu...

You may provide a definition with
\DeclareUnicodeCharacter 


! Package inputenc Error: Unicode character ÁöÑ (U+7684)
(inputenc)                not set up for use with LaTeX.

See the inputenc package documentation for explanation.
Type  H <return>  for immediate help.
 ...                                              
                                                  
l.61 ...ßëÂ≠¶ÁöÑÂÖ•Èó®ÂÜÖÂÆπ;ÂåÖÂê´Êï∞ÊçÆÁßëÂ≠¶ÁöÑ
                                                  Âü∫Á°ÄÂ∑•ÂÖ∑ÔºåÂ¶ÇÔºöJupyt...

You may provide a definition with
\DeclareUnicodeCharacter 


! Package inputenc Error: Unicode character Âü∫ (U+57FA)
(inputenc)                not set up for use with LaTeX.

See the inputenc package documentation for explanation.
Type  H <return>  for immediate help.
 ...                                              
                                                  
l.61 ...≠¶ÁöÑÂÖ•Èó®ÂÜÖÂÆπ;ÂåÖÂê´Êï∞ÊçÆÁßëÂ≠¶ÁöÑÂü∫
                                                  Á°ÄÂ∑•ÂÖ∑ÔºåÂ¶ÇÔºöJupyter„...

You may provide a definition with
\DeclareUnicodeCharacter 


! Package inputenc Error: Unicode character Á°Ä (U+7840)
(inputenc)                not set up for use with LaTeX.

See the inputenc package documentation for explanation.
Type  H <return>  for immediate help.
 ...                                              
                                                  
l.61 ...öÑÂÖ•Èó®ÂÜÖÂÆπ;ÂåÖÂê´Êï∞ÊçÆÁßëÂ≠¶ÁöÑÂü∫Á°Ä
                                                  Â∑•ÂÖ∑ÔºåÂ¶ÇÔºöJupyter„ÄÅL...

You may provide a definition with
\DeclareUnicodeCharacter 


! Package inputenc Error: Unicode character Â∑• (U+5DE5)
(inputenc)                not set up for use with LaTeX.

See the inputenc package documentation for explanation.
Type  H <return>  for immediate help.
 ...                                              
                                                  
l.61 ...Ö•Èó®ÂÜÖÂÆπ;ÂåÖÂê´Êï∞ÊçÆÁßëÂ≠¶ÁöÑÂü∫Á°ÄÂ∑•
                                                  ÂÖ∑ÔºåÂ¶ÇÔºöJupyter„ÄÅLinu...

You may provide a definition with
\DeclareUnicodeCharacter 


! Package inputenc Error: Unicode character ÂÖ∑ (U+5177)
(inputenc)                not set up for use with LaTeX.

See the inputenc package documentation for explanation.
Type  H <return>  for immediate help.
 ...                                              
                                                  
l.61 ...ó®ÂÜÖÂÆπ;ÂåÖÂê´Êï∞ÊçÆÁßëÂ≠¶ÁöÑÂü∫Á°ÄÂ∑•ÂÖ∑
                                                  ÔºåÂ¶ÇÔºöJupyter„ÄÅLinuxÔº...

You may provide a definition with
\DeclareUnicodeCharacter 


! Package inputenc Error: Unicode character Ôºå (U+FF0C)
(inputenc)                not set up for use with LaTeX.

See the inputenc package documentation for explanation.
Type  H <return>  for immediate help.
 ...                                              
                                                  
l.61 ...ÜÖÂÆπ;ÂåÖÂê´Êï∞ÊçÆÁßëÂ≠¶ÁöÑÂü∫Á°ÄÂ∑•ÂÖ∑Ôºå
                                                  Â¶ÇÔºöJupyter„ÄÅLinuxÔºå‰ª...

You may provide a definition with
\DeclareUnicodeCharacter 


! Package inputenc Error: Unicode character Â¶Ç (U+5982)
(inputenc)                not set up for use with LaTeX.

See the inputenc package documentation for explanation.
Type  H <return>  for immediate help.
 ...                                              
                                                  
l.61 ...Æπ;ÂåÖÂê´Êï∞ÊçÆÁßëÂ≠¶ÁöÑÂü∫Á°ÄÂ∑•ÂÖ∑ÔºåÂ¶Ç
                                                  ÔºöJupyter„ÄÅLinuxÔºå‰ª•Âè...

You may provide a definition with
\DeclareUnicodeCharacter 


! Package inputenc Error: Unicode character Ôºö (U+FF1A)
(inputenc)                not set up for use with LaTeX.

See the inputenc package documentation for explanation.
Type  H <return>  for immediate help.
 ...                                              
                                                  
l.61 ...ÂåÖÂê´Êï∞ÊçÆÁßëÂ≠¶ÁöÑÂü∫Á°ÄÂ∑•ÂÖ∑ÔºåÂ¶ÇÔºö
                                                  Jupyter„ÄÅLinuxÔºå‰ª•Âèä P...

You may provide a definition with
\DeclareUnicodeCharacter 


! Package inputenc Error: Unicode character „ÄÅ (U+3001)
(inputenc)                not set up for use with LaTeX.

See the inputenc package documentation for explanation.
Type  H <return>  for immediate help.
 ...                                              
                                                  
l.61 ...çÆÁßëÂ≠¶ÁöÑÂü∫Á°ÄÂ∑•ÂÖ∑ÔºåÂ¶ÇÔºöJupyter„ÄÅ
                                                  LinuxÔºå‰ª•Âèä Python Âü∫Ê...

You may provide a definition with
\DeclareUnicodeCharacter 


! Package inputenc Error: Unicode character Ôºå (U+FF0C)
(inputenc)                not set up for use with LaTeX.

See the inputenc package documentation for explanation.
Type  H <return>  for immediate help.
 ...                                              
                                                  
l.61 ...ÁöÑÂü∫Á°ÄÂ∑•ÂÖ∑ÔºåÂ¶ÇÔºöJupyter„ÄÅLinuxÔºå
                                                  ‰ª•Âèä Python Âü∫Êú¨ÁöÑÊï∞...

You may provide a definition with
\DeclareUnicodeCharacter 


! Package inputenc Error: Unicode character ‰ª• (U+4EE5)
(inputenc)                not set up for use with LaTeX.

See the inputenc package documentation for explanation.
Type  H <return>  for immediate help.
 ...                                              
                                                  
l.61 ...Âü∫Á°ÄÂ∑•ÂÖ∑ÔºåÂ¶ÇÔºöJupyter„ÄÅLinuxÔºå‰ª•
                                                  Âèä Python Âü∫Êú¨ÁöÑÊï∞ÊçÆ...

You may provide a definition with
\DeclareUnicodeCharacter 


! Package inputenc Error: Unicode character Âèä (U+53CA)
(inputenc)                not set up for use with LaTeX.

See the inputenc package documentation for explanation.
Type  H <return>  for immediate help.
 ...                                              
                                                  
l.61 ...Á°ÄÂ∑•ÂÖ∑ÔºåÂ¶ÇÔºöJupyter„ÄÅLinuxÔºå‰ª•Âèä
                                                   Python Âü∫Êú¨ÁöÑÊï∞ÊçÆÁßë...

You may provide a definition with
\DeclareUnicodeCharacter 


! Package inputenc Error: Unicode character Âü∫ (U+57FA)
(inputenc)                not set up for use with LaTeX.

See the inputenc package documentation for explanation.
Type  H <return>  for immediate help.
 ...                                              
                                                  
l.61 ...åÂ¶ÇÔºöJupyter„ÄÅLinuxÔºå‰ª•Âèä Python Âü∫
                                                  Êú¨ÁöÑÊï∞ÊçÆÁßëÂ≠¶ÂåÖ Nump...

You may provide a definition with
\DeclareUnicodeCharacter 


! Package inputenc Error: Unicode character Êú¨ (U+672C)
(inputenc)                not set up for use with LaTeX.

See the inputenc package documentation for explanation.
Type  H <return>  for immediate help.
 ...                                              
                                                  
l.61 ...ÇÔºöJupyter„ÄÅLinuxÔºå‰ª•Âèä Python Âü∫Êú¨
                                                  ÁöÑÊï∞ÊçÆÁßëÂ≠¶ÂåÖ NumpyÔº...

You may provide a definition with
\DeclareUnicodeCharacter 


! Package inputenc Error: Unicode character ÁöÑ (U+7684)
(inputenc)                not set up for use with LaTeX.

See the inputenc package documentation for explanation.
Type  H <return>  for immediate help.
 ...                                              
                                                  
l.61 ...öJupyter„ÄÅLinuxÔºå‰ª•Âèä Python Âü∫Êú¨ÁöÑ
                                                  Êï∞ÊçÆÁßëÂ≠¶ÂåÖ NumpyÔºåÁî...

You may provide a definition with
\DeclareUnicodeCharacter 


! Package inputenc Error: Unicode character Êï∞ (U+6570)
(inputenc)                not set up for use with LaTeX.

See the inputenc package documentation for explanation.
Type  H <return>  for immediate help.
 ...                                              
                                                  
l.61 ...pyter„ÄÅLinuxÔºå‰ª•Âèä Python Âü∫Êú¨ÁöÑÊï∞
                                                  ÊçÆÁßëÂ≠¶ÂåÖ NumpyÔºåÁîªÂõ...

You may provide a definition with
\DeclareUnicodeCharacter 


! Package inputenc Error: Unicode character ÊçÆ (U+636E)
(inputenc)                not set up for use with LaTeX.

See the inputenc package documentation for explanation.
Type  H <return>  for immediate help.
 ...                                              
                                                  
l.61 ...er„ÄÅLinuxÔºå‰ª•Âèä Python Âü∫Êú¨ÁöÑÊï∞ÊçÆ
                                                  ÁßëÂ≠¶ÂåÖ NumpyÔºåÁîªÂõæÂå...

You may provide a definition with
\DeclareUnicodeCharacter 


! Package inputenc Error: Unicode character Áßë (U+79D1)
(inputenc)                not set up for use with LaTeX.

See the inputenc package documentation for explanation.
Type  H <return>  for immediate help.
 ...                                              
                                                  
l.61 ...ÄÅLinuxÔºå‰ª•Âèä Python Âü∫Êú¨ÁöÑÊï∞ÊçÆÁßë
                                                  Â≠¶ÂåÖ NumpyÔºåÁîªÂõæÂåÖ M...

You may provide a definition with
\DeclareUnicodeCharacter 


! Package inputenc Error: Unicode character Â≠¶ (U+5B66)
(inputenc)                not set up for use with LaTeX.

See the inputenc package documentation for explanation.
Type  H <return>  for immediate help.
 ...                                              
                                                  
l.61 ...inuxÔºå‰ª•Âèä Python Âü∫Êú¨ÁöÑÊï∞ÊçÆÁßëÂ≠¶
                                                  ÂåÖ NumpyÔºåÁîªÂõæÂåÖ Matp...

You may provide a definition with
\DeclareUnicodeCharacter 


! Package inputenc Error: Unicode character ÂåÖ (U+5305)
(inputenc)                not set up for use with LaTeX.

See the inputenc package documentation for explanation.
Type  H <return>  for immediate help.
 ...                                              
                                                  
l.61 ...xÔºå‰ª•Âèä Python Âü∫Êú¨ÁöÑÊï∞ÊçÆÁßëÂ≠¶ÂåÖ
                                                   NumpyÔºåÁîªÂõæÂåÖ Matplot...

You may provide a definition with
\DeclareUnicodeCharacter 


! Package inputenc Error: Unicode character Ôºå (U+FF0C)
(inputenc)                not set up for use with LaTeX.

See the inputenc package documentation for explanation.
Type  H <return>  for immediate help.
 ...                                              
                                                  
l.61 ...ä Python Âü∫Êú¨ÁöÑÊï∞ÊçÆÁßëÂ≠¶ÂåÖ NumpyÔºå
                                                  ÁîªÂõæÂåÖ Matplotlib;
You may provide a definition with
\DeclareUnicodeCharacter 


! Package inputenc Error: Unicode character Áîª (U+753B)
(inputenc)                not set up for use with LaTeX.

See the inputenc package documentation for explanation.
Type  H <return>  for immediate help.
 ...                                              
                                                  
l.61 ...ython Âü∫Êú¨ÁöÑÊï∞ÊçÆÁßëÂ≠¶ÂåÖ NumpyÔºåÁîª
                                                  ÂõæÂåÖ Matplotlib;
You may provide a definition with
\DeclareUnicodeCharacter 


! Package inputenc Error: Unicode character Âõæ (U+56FE)
(inputenc)                not set up for use with LaTeX.

See the inputenc package documentation for explanation.
Type  H <return>  for immediate help.
 ...                                              
                                                  
l.61 ...on Âü∫Êú¨ÁöÑÊï∞ÊçÆÁßëÂ≠¶ÂåÖ NumpyÔºåÁîªÂõæ
                                                  ÂåÖ Matplotlib;
You may provide a definition with
\DeclareUnicodeCharacter 


! Package inputenc Error: Unicode character ÂåÖ (U+5305)
(inputenc)                not set up for use with LaTeX.

See the inputenc package documentation for explanation.
Type  H <return>  for immediate help.
 ...                                              
                                                  
l.61 ...Âü∫Êú¨ÁöÑÊï∞ÊçÆÁßëÂ≠¶ÂåÖ NumpyÔºåÁîªÂõæÂåÖ
                                                   Matplotlib;
You may provide a definition with
\DeclareUnicodeCharacter 

 [1

]

! Package inputenc Error: Unicode character ÂÖ• (U+5165)
(inputenc)                not set up for use with LaTeX.

See the inputenc package documentation for explanation.
Type  H <return>  for immediate help.
 ...                                              
                                                  
l.76 \chapter
             {È´òÁ∫ßÁØá}
You may provide a definition with
\GenericError {               }{LaTeX Error: Can be used only in preamble}{See 
the LaTeX manual or LaTeX Companion for explanation.}{Your command was ignored.

Type  I <command> <return>  to replace it with another command,
or  <return>  to continue without it.}


! Package inputenc Error: Unicode character Èó® (U+95E8)
(inputenc)                not set up for use with LaTeX.

See the inputenc package documentation for explanation.
Type  H <return>  for immediate help.
 ...                                              
                                                  
l.76 \chapter
             {È´òÁ∫ßÁØá}
You may provide a definition with
\GenericError {               }{LaTeX Error: Can be used only in preamble}{See 
the LaTeX manual or LaTeX Companion for explanation.}{Your command was ignored.

Type  I <command> <return>  to replace it with another command,
or  <return>  to continue without it.}


! Package inputenc Error: Unicode character ÁØá (U+7BC7)
(inputenc)                not set up for use with LaTeX.

See the inputenc package documentation for explanation.
Type  H <return>  for immediate help.
 ...                                              
                                                  
l.76 \chapter
             {È´òÁ∫ßÁØá}
You may provide a definition with
\GenericError {               }{LaTeX Error: Can be used only in preamble}{See 
the LaTeX manual or LaTeX Companion for explanation.}{Your command was ignored.

Type  I <command> <return>  to replace it with another command,
or  <return>  to continue without it.}

 [2

]
Chapter 2.

! PACKAGE INPUTENC ERROR: UNICODE CHARACTER …ãò (U+9AD8)
(INPUTENC)                NOT SET UP FOR USE WITH LATEX.

SEE THE INPUTENC PACKAGE DOCUMENTATION FOR EXPLANATION.
Type  H <return>  for immediate help.
 ...                                              
                                                  
l.76 \chapter{È´òÁ∫ßÁØá}
                        
YOU MAY PROVIDE A DEFINITION WITH
\GenericError {               }{LaTeX Error: Can be used only in preamble}{See 
the LaTeX manual or LaTeX Companion for explanation.}{Your command was ignored.

Type  I <command> <return>  to replace it with another command,
or  <return>  to continue without it.}


! PACKAGE INPUTENC ERROR: UNICODE CHARACTER «öá (U+7EA7)
(INPUTENC)                NOT SET UP FOR USE WITH LATEX.

SEE THE INPUTENC PACKAGE DOCUMENTATION FOR EXPLANATION.
Type  H <return>  for immediate help.
 ...                                              
                                                  
l.76 \chapter{È´òÁ∫ßÁØá}
                        
YOU MAY PROVIDE A DEFINITION WITH
\GenericError {               }{LaTeX Error: Can be used only in preamble}{See 
the LaTeX manual or LaTeX Companion for explanation.}{Your command was ignored.

Type  I <command> <return>  to replace it with another command,
or  <return>  to continue without it.}


! PACKAGE INPUTENC ERROR: UNICODE CHARACTER «èá (U+7BC7)
(INPUTENC)                NOT SET UP FOR USE WITH LATEX.

SEE THE INPUTENC PACKAGE DOCUMENTATION FOR EXPLANATION.
Type  H <return>  for immediate help.
 ...                                              
                                                  
l.76 \chapter{È´òÁ∫ßÁØá}
                        
YOU MAY PROVIDE A DEFINITION WITH
\GenericError {               }{LaTeX Error: Can be used only in preamble}{See 
the LaTeX manual or LaTeX Companion for explanation.}{Your command was ignored.

Type  I <command> <return>  to replace it with another command,
or  <return>  to continue without it.}


! Package inputenc Error: Unicode character Ëøô (U+8FD9)
(inputenc)                not set up for use with LaTeX.

See the inputenc package documentation for explanation.
Type  H <return>  for immediate help.
 ...                                              
                                                  
l.78 Ëøô
        ‰∏ÄÈÉ®ÂàÜ‰∏ªË¶Å‰ªãÁªçÊï∞ÊçÆÁßëÂ≠¶ÁöÑËøõÈò∂ÂÜÖÂÆπ;ÂåÖÂê´Êï∞ÊçÆÁßëÂ≠¶Â...

You may provide a definition with
\DeclareUnicodeCharacter 


! Package inputenc Error: Unicode character ‰∏Ä (U+4E00)
(inputenc)                not set up for use with LaTeX.

See the inputenc package documentation for explanation.
Type  H <return>  for immediate help.
 ...                                              
                                                  
l.78 Ëøô‰∏Ä
           ÈÉ®ÂàÜ‰∏ªË¶Å‰ªãÁªçÊï∞ÊçÆÁßëÂ≠¶ÁöÑËøõÈò∂ÂÜÖÂÆπ;ÂåÖÂê´Êï∞ÊçÆÁßëÂ≠¶Â...

You may provide a definition with
\DeclareUnicodeCharacter 


! Package inputenc Error: Unicode character ÈÉ® (U+90E8)
(inputenc)                not set up for use with LaTeX.

See the inputenc package documentation for explanation.
Type  H <return>  for immediate help.
 ...                                              
                                                  
l.78 Ëøô‰∏ÄÈÉ®
              ÂàÜ‰∏ªË¶Å‰ªãÁªçÊï∞ÊçÆÁßëÂ≠¶ÁöÑËøõÈò∂ÂÜÖÂÆπ;ÂåÖÂê´Êï∞ÊçÆÁßëÂ≠¶Â...

You may provide a definition with
\DeclareUnicodeCharacter 


! Package inputenc Error: Unicode character ÂàÜ (U+5206)
(inputenc)                not set up for use with LaTeX.

See the inputenc package documentation for explanation.
Type  H <return>  for immediate help.
 ...                                              
                                                  
l.78 Ëøô‰∏ÄÈÉ®ÂàÜ
                 ‰∏ªË¶Å‰ªãÁªçÊï∞ÊçÆÁßëÂ≠¶ÁöÑËøõÈò∂ÂÜÖÂÆπ;ÂåÖÂê´Êï∞ÊçÆÁßëÂ≠¶Â...

You may provide a definition with
\DeclareUnicodeCharacter 


! Package inputenc Error: Unicode character ‰∏ª (U+4E3B)
(inputenc)                not set up for use with LaTeX.

See the inputenc package documentation for explanation.
Type  H <return>  for immediate help.
 ...                                              
                                                  
l.78 Ëøô‰∏ÄÈÉ®ÂàÜ‰∏ª
                    Ë¶Å‰ªãÁªçÊï∞ÊçÆÁßëÂ≠¶ÁöÑËøõÈò∂ÂÜÖÂÆπ;ÂåÖÂê´Êï∞ÊçÆÁßëÂ≠¶Â...

You may provide a definition with
\DeclareUnicodeCharacter 


! Package inputenc Error: Unicode character Ë¶Å (U+8981)
(inputenc)                not set up for use with LaTeX.

See the inputenc package documentation for explanation.
Type  H <return>  for immediate help.
 ...                                              
                                                  
l.78 Ëøô‰∏ÄÈÉ®ÂàÜ‰∏ªË¶Å
                       ‰ªãÁªçÊï∞ÊçÆÁßëÂ≠¶ÁöÑËøõÈò∂ÂÜÖÂÆπ;ÂåÖÂê´Êï∞ÊçÆÁßëÂ≠¶Â...

You may provide a definition with
\DeclareUnicodeCharacter 


! Package inputenc Error: Unicode character ‰ªã (U+4ECB)
(inputenc)                not set up for use with LaTeX.

See the inputenc package documentation for explanation.
Type  H <return>  for immediate help.
 ...                                              
                                                  
l.78 Ëøô‰∏ÄÈÉ®ÂàÜ‰∏ªË¶Å‰ªã
                          ÁªçÊï∞ÊçÆÁßëÂ≠¶ÁöÑËøõÈò∂ÂÜÖÂÆπ;ÂåÖÂê´Êï∞ÊçÆÁßëÂ≠¶Â...

You may provide a definition with
\DeclareUnicodeCharacter 


! Package inputenc Error: Unicode character Áªç (U+7ECD)
(inputenc)                not set up for use with LaTeX.

See the inputenc package documentation for explanation.
Type  H <return>  for immediate help.
 ...                                              
                                                  
l.78 Ëøô‰∏ÄÈÉ®ÂàÜ‰∏ªË¶Å‰ªãÁªç
                             Êï∞ÊçÆÁßëÂ≠¶ÁöÑËøõÈò∂ÂÜÖÂÆπ;ÂåÖÂê´Êï∞ÊçÆÁßëÂ≠¶Â...

You may provide a definition with
\DeclareUnicodeCharacter 


! Package inputenc Error: Unicode character Êï∞ (U+6570)
(inputenc)                not set up for use with LaTeX.

See the inputenc package documentation for explanation.
Type  H <return>  for immediate help.
 ...                                              
                                                  
l.78 Ëøô‰∏ÄÈÉ®ÂàÜ‰∏ªË¶Å‰ªãÁªçÊï∞
                                ÊçÆÁßëÂ≠¶ÁöÑËøõÈò∂ÂÜÖÂÆπ;ÂåÖÂê´Êï∞ÊçÆÁßëÂ≠¶Â...

You may provide a definition with
\DeclareUnicodeCharacter 


! Package inputenc Error: Unicode character ÊçÆ (U+636E)
(inputenc)                not set up for use with LaTeX.

See the inputenc package documentation for explanation.
Type  H <return>  for immediate help.
 ...                                              
                                                  
l.78 Ëøô‰∏ÄÈÉ®ÂàÜ‰∏ªË¶Å‰ªãÁªçÊï∞ÊçÆ
                                   ÁßëÂ≠¶ÁöÑËøõÈò∂ÂÜÖÂÆπ;ÂåÖÂê´Êï∞ÊçÆÁßëÂ≠¶Â...

You may provide a definition with
\DeclareUnicodeCharacter 


! Package inputenc Error: Unicode character Áßë (U+79D1)
(inputenc)                not set up for use with LaTeX.

See the inputenc package documentation for explanation.
Type  H <return>  for immediate help.
 ...                                              
                                                  
l.78 Ëøô‰∏ÄÈÉ®ÂàÜ‰∏ªË¶Å‰ªãÁªçÊï∞ÊçÆÁßë
                                      Â≠¶ÁöÑËøõÈò∂ÂÜÖÂÆπ;ÂåÖÂê´Êï∞ÊçÆÁßëÂ≠¶Â...

You may provide a definition with
\DeclareUnicodeCharacter 


! Package inputenc Error: Unicode character Â≠¶ (U+5B66)
(inputenc)                not set up for use with LaTeX.

See the inputenc package documentation for explanation.
Type  H <return>  for immediate help.
 ...                                              
                                                  
l.78 Ëøô‰∏ÄÈÉ®ÂàÜ‰∏ªË¶Å‰ªãÁªçÊï∞ÊçÆÁßëÂ≠¶
                                         ÁöÑËøõÈò∂ÂÜÖÂÆπ;ÂåÖÂê´Êï∞ÊçÆÁßëÂ≠¶Â...

You may provide a definition with
\DeclareUnicodeCharacter 


! Package inputenc Error: Unicode character ÁöÑ (U+7684)
(inputenc)                not set up for use with LaTeX.

See the inputenc package documentation for explanation.
Type  H <return>  for immediate help.
 ...                                              
                                                  
l.78 Ëøô‰∏ÄÈÉ®ÂàÜ‰∏ªË¶Å‰ªãÁªçÊï∞ÊçÆÁßëÂ≠¶ÁöÑ
                                            ËøõÈò∂ÂÜÖÂÆπ;ÂåÖÂê´Êï∞ÊçÆÁßëÂ≠¶Â...

You may provide a definition with
\DeclareUnicodeCharacter 


! Package inputenc Error: Unicode character Ëøõ (U+8FDB)
(inputenc)                not set up for use with LaTeX.

See the inputenc package documentation for explanation.
Type  H <return>  for immediate help.
 ...                                              
                                                  
l.78 Ëøô‰∏ÄÈÉ®ÂàÜ‰∏ªË¶Å‰ªãÁªçÊï∞ÊçÆÁßëÂ≠¶ÁöÑËøõ
                                               Èò∂ÂÜÖÂÆπ;ÂåÖÂê´Êï∞ÊçÆÁßëÂ≠¶Â...

You may provide a definition with
\DeclareUnicodeCharacter 


! Package inputenc Error: Unicode character Èò∂ (U+9636)
(inputenc)                not set up for use with LaTeX.

See the inputenc package documentation for explanation.
Type  H <return>  for immediate help.
 ...                                              
                                                  
l.78 Ëøô‰∏ÄÈÉ®ÂàÜ‰∏ªË¶Å‰ªãÁªçÊï∞ÊçÆÁßëÂ≠¶ÁöÑËøõÈò∂
                                                  ÂÜÖÂÆπ;ÂåÖÂê´Êï∞ÊçÆÁßëÂ≠¶Â...

You may provide a definition with
\DeclareUnicodeCharacter 


! Package inputenc Error: Unicode character ÂÜÖ (U+5185)
(inputenc)                not set up for use with LaTeX.

See the inputenc package documentation for explanation.
Type  H <return>  for immediate help.
 ...                                              
                                                  
l.78 ...ÈÉ®ÂàÜ‰∏ªË¶Å‰ªãÁªçÊï∞ÊçÆÁßëÂ≠¶ÁöÑËøõÈò∂ÂÜÖ
                                                  ÂÆπ;ÂåÖÂê´Êï∞ÊçÆÁßëÂ≠¶Â∏∏Á...

You may provide a definition with
\DeclareUnicodeCharacter 


! Package inputenc Error: Unicode character ÂÆπ (U+5BB9)
(inputenc)                not set up for use with LaTeX.

See the inputenc package documentation for explanation.
Type  H <return>  for immediate help.
 ...                                              
                                                  
l.78 ...ÂàÜ‰∏ªË¶Å‰ªãÁªçÊï∞ÊçÆÁßëÂ≠¶ÁöÑËøõÈò∂ÂÜÖÂÆπ
                                                  ;ÂåÖÂê´Êï∞ÊçÆÁßëÂ≠¶Â∏∏Áî®Â...

You may provide a definition with
\DeclareUnicodeCharacter 


! Package inputenc Error: Unicode character ÂåÖ (U+5305)
(inputenc)                not set up for use with LaTeX.

See the inputenc package documentation for explanation.
Type  H <return>  for immediate help.
 ...                                              
                                                  
l.78 ...∏ªË¶Å‰ªãÁªçÊï∞ÊçÆÁßëÂ≠¶ÁöÑËøõÈò∂ÂÜÖÂÆπ;ÂåÖ
                                                  Âê´Êï∞ÊçÆÁßëÂ≠¶Â∏∏Áî®ÂåÖÁö...

You may provide a definition with
\DeclareUnicodeCharacter 


! Package inputenc Error: Unicode character Âê´ (U+542B)
(inputenc)                not set up for use with LaTeX.

See the inputenc package documentation for explanation.
Type  H <return>  for immediate help.
 ...                                              
                                                  
l.78 ...¶Å‰ªãÁªçÊï∞ÊçÆÁßëÂ≠¶ÁöÑËøõÈò∂ÂÜÖÂÆπ;ÂåÖÂê´
                                                  Êï∞ÊçÆÁßëÂ≠¶Â∏∏Áî®ÂåÖÁöÑÂ∑...

You may provide a definition with
\DeclareUnicodeCharacter 


! Package inputenc Error: Unicode character Êï∞ (U+6570)
(inputenc)                not set up for use with LaTeX.

See the inputenc package documentation for explanation.
Type  H <return>  for immediate help.
 ...                                              
                                                  
l.78 ...ªãÁªçÊï∞ÊçÆÁßëÂ≠¶ÁöÑËøõÈò∂ÂÜÖÂÆπ;ÂåÖÂê´Êï∞
                                                  ÊçÆÁßëÂ≠¶Â∏∏Áî®ÂåÖÁöÑÂ∑•ÂÖ...

You may provide a definition with
\DeclareUnicodeCharacter 


! Package inputenc Error: Unicode character ÊçÆ (U+636E)
(inputenc)                not set up for use with LaTeX.

See the inputenc package documentation for explanation.
Type  H <return>  for immediate help.
 ...                                              
                                                  
l.78 ...ªçÊï∞ÊçÆÁßëÂ≠¶ÁöÑËøõÈò∂ÂÜÖÂÆπ;ÂåÖÂê´Êï∞ÊçÆ
                                                  ÁßëÂ≠¶Â∏∏Áî®ÂåÖÁöÑÂ∑•ÂÖ∑Ôº...

You may provide a definition with
\DeclareUnicodeCharacter 


! Package inputenc Error: Unicode character Áßë (U+79D1)
(inputenc)                not set up for use with LaTeX.

See the inputenc package documentation for explanation.
Type  H <return>  for immediate help.
 ...                                              
                                                  
l.78 ...ï∞ÊçÆÁßëÂ≠¶ÁöÑËøõÈò∂ÂÜÖÂÆπ;ÂåÖÂê´Êï∞ÊçÆÁßë
                                                  Â≠¶Â∏∏Áî®ÂåÖÁöÑÂ∑•ÂÖ∑ÔºåÂ¶...

You may provide a definition with
\DeclareUnicodeCharacter 


! Package inputenc Error: Unicode character Â≠¶ (U+5B66)
(inputenc)                not set up for use with LaTeX.

See the inputenc package documentation for explanation.
Type  H <return>  for immediate help.
 ...                                              
                                                  
l.78 ...çÆÁßëÂ≠¶ÁöÑËøõÈò∂ÂÜÖÂÆπ;ÂåÖÂê´Êï∞ÊçÆÁßëÂ≠¶
                                                  Â∏∏Áî®ÂåÖÁöÑÂ∑•ÂÖ∑ÔºåÂ¶ÇÔºö
You may provide a definition with
\DeclareUnicodeCharacter 


! Package inputenc Error: Unicode character Â∏∏ (U+5E38)
(inputenc)                not set up for use with LaTeX.

See the inputenc package documentation for explanation.
Type  H <return>  for immediate help.
 ...                                              
                                                  
l.78 ...ßëÂ≠¶ÁöÑËøõÈò∂ÂÜÖÂÆπ;ÂåÖÂê´Êï∞ÊçÆÁßëÂ≠¶Â∏∏
                                                  Áî®ÂåÖÁöÑÂ∑•ÂÖ∑ÔºåÂ¶ÇÔºö
You may provide a definition with
\DeclareUnicodeCharacter 


! Package inputenc Error: Unicode character Áî® (U+7528)
(inputenc)                not set up for use with LaTeX.

See the inputenc package documentation for explanation.
Type  H <return>  for immediate help.
 ...                                              
                                                  
l.78 ...≠¶ÁöÑËøõÈò∂ÂÜÖÂÆπ;ÂåÖÂê´Êï∞ÊçÆÁßëÂ≠¶Â∏∏Áî®
                                                  ÂåÖÁöÑÂ∑•ÂÖ∑ÔºåÂ¶ÇÔºö
You may provide a definition with
\DeclareUnicodeCharacter 


! Package inputenc Error: Unicode character ÂåÖ (U+5305)
(inputenc)                not set up for use with LaTeX.

See the inputenc package documentation for explanation.
Type  H <return>  for immediate help.
 ...                                              
                                                  
l.78 ...öÑËøõÈò∂ÂÜÖÂÆπ;ÂåÖÂê´Êï∞ÊçÆÁßëÂ≠¶Â∏∏Áî®ÂåÖ
                                                  ÁöÑÂ∑•ÂÖ∑ÔºåÂ¶ÇÔºö
You may provide a definition with
\DeclareUnicodeCharacter 


! Package inputenc Error: Unicode character ÁöÑ (U+7684)
(inputenc)                not set up for use with LaTeX.

See the inputenc package documentation for explanation.
Type  H <return>  for immediate help.
 ...                                              
                                                  
l.78 ...øõÈò∂ÂÜÖÂÆπ;ÂåÖÂê´Êï∞ÊçÆÁßëÂ≠¶Â∏∏Áî®ÂåÖÁöÑ
                                                  Â∑•ÂÖ∑ÔºåÂ¶ÇÔºö
You may provide a definition with
\DeclareUnicodeCharacter 


! Package inputenc Error: Unicode character Â∑• (U+5DE5)
(inputenc)                not set up for use with LaTeX.

See the inputenc package documentation for explanation.
Type  H <return>  for immediate help.
 ...                                              
                                                  
l.78 ...ò∂ÂÜÖÂÆπ;ÂåÖÂê´Êï∞ÊçÆÁßëÂ≠¶Â∏∏Áî®ÂåÖÁöÑÂ∑•
                                                  ÂÖ∑ÔºåÂ¶ÇÔºö
You may provide a definition with
\DeclareUnicodeCharacter 


! Package inputenc Error: Unicode character ÂÖ∑ (U+5177)
(inputenc)                not set up for use with LaTeX.

See the inputenc package documentation for explanation.
Type  H <return>  for immediate help.
 ...                                              
                                                  
l.78 ...ÜÖÂÆπ;ÂåÖÂê´Êï∞ÊçÆÁßëÂ≠¶Â∏∏Áî®ÂåÖÁöÑÂ∑•ÂÖ∑
                                                  ÔºåÂ¶ÇÔºö
You may provide a definition with
\DeclareUnicodeCharacter 


! Package inputenc Error: Unicode character Ôºå (U+FF0C)
(inputenc)                not set up for use with LaTeX.

See the inputenc package documentation for explanation.
Type  H <return>  for immediate help.
 ...                                              
                                                  
l.78 ...Æπ;ÂåÖÂê´Êï∞ÊçÆÁßëÂ≠¶Â∏∏Áî®ÂåÖÁöÑÂ∑•ÂÖ∑Ôºå
                                                  Â¶ÇÔºö
You may provide a definition with
\DeclareUnicodeCharacter 


! Package inputenc Error: Unicode character Â¶Ç (U+5982)
(inputenc)                not set up for use with LaTeX.

See the inputenc package documentation for explanation.
Type  H <return>  for immediate help.
 ...                                              
                                                  
l.78 ...ÂåÖÂê´Êï∞ÊçÆÁßëÂ≠¶Â∏∏Áî®ÂåÖÁöÑÂ∑•ÂÖ∑ÔºåÂ¶Ç
                                                  Ôºö
You may provide a definition with
\DeclareUnicodeCharacter 


! Package inputenc Error: Unicode character Ôºö (U+FF1A)
(inputenc)                not set up for use with LaTeX.

See the inputenc package documentation for explanation.
Type  H <return>  for immediate help.
 ...                                              
                                                  
l.78 ...Âê´Êï∞ÊçÆÁßëÂ≠¶Â∏∏Áî®ÂåÖÁöÑÂ∑•ÂÖ∑ÔºåÂ¶ÇÔºö
                                                  
You may provide a definition with
\DeclareUnicodeCharacter 

 [3]

! Package inputenc Error: Unicode character È´ò (U+9AD8)
(inputenc)                not set up for use with LaTeX.

See the inputenc package documentation for explanation.
Type  H <return>  for immediate help.
 ...                                              
                                                  
l.100 \chapter
              {Welcome to Brett's Poem!}
You may provide a definition with
\GenericError {               }{LaTeX Error: Can be used only in preamble}{See 
the LaTeX manual or LaTeX Companion for explanation.}{Your command was ignored.

Type  I <command> <return>  to replace it with another command,
or  <return>  to continue without it.}


! Package inputenc Error: Unicode character Á∫ß (U+7EA7)
(inputenc)                not set up for use with LaTeX.

See the inputenc package documentation for explanation.
Type  H <return>  for immediate help.
 ...                                              
                                                  
l.100 \chapter
              {Welcome to Brett's Poem!}
You may provide a definition with
\GenericError {               }{LaTeX Error: Can be used only in preamble}{See 
the LaTeX manual or LaTeX Companion for explanation.}{Your command was ignored.

Type  I <command> <return>  to replace it with another command,
or  <return>  to continue without it.}


! Package inputenc Error: Unicode character ÁØá (U+7BC7)
(inputenc)                not set up for use with LaTeX.

See the inputenc package documentation for explanation.
Type  H <return>  for immediate help.
 ...                                              
                                                  
l.100 \chapter
              {Welcome to Brett's Poem!}
You may provide a definition with
\GenericError {               }{LaTeX Error: Can be used only in preamble}{See 
the LaTeX manual or LaTeX Companion for explanation.}{Your command was ignored.

Type  I <command> <return>  to replace it with another command,
or  <return>  to continue without it.}

 [4

]
Chapter 3.

! Package inputenc Error: Unicode character Êõú (U+66DC)
(inputenc)                not set up for use with LaTeX.

See the inputenc package documentation for explanation.
Type  H <return>  for immediate help.
 ...                                              
                                                  
l.105 \#\# {[}Êõú
                 ÁÅµÈõÜÂ∫è{]}(Prefacec.md)
You may provide a definition with
\DeclareUnicodeCharacter 


! Package inputenc Error: Unicode character ÁÅµ (U+7075)
(inputenc)                not set up for use with LaTeX.

See the inputenc package documentation for explanation.
Type  H <return>  for immediate help.
 ...                                              
                                                  
l.105 \#\# {[}ÊõúÁÅµ
                    ÈõÜÂ∫è{]}(Prefacec.md)
You may provide a definition with
\DeclareUnicodeCharacter 


! Package inputenc Error: Unicode character ÈõÜ (U+96C6)
(inputenc)                not set up for use with LaTeX.

See the inputenc package documentation for explanation.
Type  H <return>  for immediate help.
 ...                                              
                                                  
l.105 \#\# {[}ÊõúÁÅµÈõÜ
                       Â∫è{]}(Prefacec.md)
You may provide a definition with
\DeclareUnicodeCharacter 


! Package inputenc Error: Unicode character Â∫è (U+5E8F)
(inputenc)                not set up for use with LaTeX.

See the inputenc package documentation for explanation.
Type  H <return>  for immediate help.
 ...                                              
                                                  
l.105 \#\# {[}ÊõúÁÅµÈõÜÂ∫è
                          {]}(Prefacec.md)
You may provide a definition with
\DeclareUnicodeCharacter 


! Package inputenc Error: Unicode character Ê¢¶ (U+68A6)
(inputenc)                not set up for use with LaTeX.

See the inputenc package documentation for explanation.
Type  H <return>  for immediate help.
 ...                                              
                                                  
l.108 \section{Ê¢¶}
                   
You may provide a definition with
\DeclareUnicodeCharacter 


! Package inputenc Error: Unicode character Ê¢¶ (U+68A6)
(inputenc)                not set up for use with LaTeX.

See the inputenc package documentation for explanation.
Type  H <return>  for immediate help.
 ...                                              
                                                  
l.112 \#\# {[}Ê¢¶
                 {]}()
You may provide a definition with
\DeclareUnicodeCharacter 


! Package inputenc Error: Unicode character ÂØª (U+5BFB)
(inputenc)                not set up for use with LaTeX.

See the inputenc package documentation for explanation.
Type  H <return>  for immediate help.
 ...                                              
                                                  
l.115 \section{ÂØª}
                   
You may provide a definition with
\DeclareUnicodeCharacter 


! Package inputenc Error: Unicode character ÂØª (U+5BFB)
(inputenc)                not set up for use with LaTeX.

See the inputenc package documentation for explanation.
Type  H <return>  for immediate help.
 ...                                              
                                                  
l.119 \#\# {[}ÂØª
                 {]}()
You may provide a definition with
\DeclareUnicodeCharacter 


! Package inputenc Error: Unicode character Â∫è (U+5E8F)
(inputenc)                not set up for use with LaTeX.

See the inputenc package documentation for explanation.
Type  H <return>  for immediate help.
 ...                                              
                                                  
l.122 \section{Â∫èÂ∞æ}
                      
You may provide a definition with
\DeclareUnicodeCharacter 


! Package inputenc Error: Unicode character Â∞æ (U+5C3E)
(inputenc)                not set up for use with LaTeX.

See the inputenc package documentation for explanation.
Type  H <return>  for immediate help.
 ...                                              
                                                  
l.122 \section{Â∫èÂ∞æ}
                      
You may provide a definition with
\DeclareUnicodeCharacter 


! Package inputenc Error: Unicode character Â∫è (U+5E8F)
(inputenc)                not set up for use with LaTeX.

See the inputenc package documentation for explanation.
Type  H <return>  for immediate help.
 ...                                              
                                                  
l.126 \#\# {[}Â∫è
                 Â∞æ{]}(endc.md)
You may provide a definition with
\DeclareUnicodeCharacter 


! Package inputenc Error: Unicode character Â∞æ (U+5C3E)
(inputenc)                not set up for use with LaTeX.

See the inputenc package documentation for explanation.
Type  H <return>  for immediate help.
 ...                                              
                                                  
l.126 \#\# {[}Â∫èÂ∞æ
                    {]}(endc.md)
You may provide a definition with
\DeclareUnicodeCharacter 

 [5] [6

]
Chapter 4.
LaTeX Font Info:    Try loading font information for TS1+ptm on input line 131.


(/opt/local/share/texmf-texlive/tex/latex/psnfss/ts1ptm.fd
File: ts1ptm.fd 2001/06/04 font definitions for TS1/ptm.
) (./Myblog.ind)
Package atveryend Info: Empty hook `BeforeClearDocument' on input line 146.
 [7]
Package atveryend Info: Empty hook `AfterLastShipout' on input line 146.
 (./Myblog.aux)
Package atveryend Info: Executing hook `AtVeryEndDocument' on input line 146.
Package atveryend Info: Executing hook `AtEndAfterFileList' on input line 146.
Package rerunfilecheck Info: File `Myblog.out' has not changed.
(rerunfilecheck)             Checksum: 5204F45A26EE68019E11150B86399883;1463.
Package atveryend Info: Empty hook `AtVeryVeryEnd' on input line 146.
 ) 
Here is how much of TeX's memory you used:
 13469 strings out of 493762
 186727 string characters out of 6152600
 279498 words of memory out of 5000000
 16864 multiletter control sequences out of 15000+600000
 38350 words of font info for 56 fonts, out of 8000000 for 9000
 431 hyphenation exceptions out of 8191
 37i,11n,45p,1715b,363s stack positions out of 5000i,500n,10000p,200000b,80000s
{/opt/local/share/texmf-texlive/fonts/enc/dvips/base/8r.enc}</opt/local/share
/texmf-texlive/fonts/type1/urw/helvetic/uhvb8a.pfb></opt/local/share/texmf-texl
ive/fonts/type1/urw/helvetic/uhvbo8a.pfb></opt/local/share/texmf-texlive/fonts/
type1/urw/times/utmb8a.pfb></opt/local/share/texmf-texlive/fonts/type1/urw/time
s/utmr8a.pfb>
Output written on Myblog.pdf (11 pages, 54912 bytes).
PDF statistics:
 164 PDF objects out of 1000 (max. 8388607)
 140 compressed objects within 2 object streams
 28 named destinations out of 1000 (max. 500000)
 149 words of extra memory for PDF output out of 10000 (max. 10000000)

