!xselect 23:09:14 08-May-2019
 Command not found; type ? for a command listing
!xsel94344:SUZAKU > read event
!> Enter the Event file dir >[/Volumes/Brettlv_G_m/Mrk1018/swift/00035166001_xr
t] /Volumes/Brettlv_G_m/Mrk1018/swift/00035166001_xrt
!> Enter Event file list >[sw00035166001xpcw4po_uf.evt] sw00035166001xwtw2po_uf
re.evt
Got new mission: SWIFT
!> Reset the mission ? >[yes] yes
 
 Notes: XSELECT set up for      SWIFT
 Time keyword is TIME       in units of s
 Default timing binsize =   1.0000
 
Setting...
 Image  keywords   = X          Y           with binning =    1
 WMAP   keywords   = X          Y           with binning =    1
 Energy keyword   = PI                     with binning =    1
 
Getting Min and Max for Energy Column...
Got min and max for PI:     0   1023
 
Got the minimum time resolution of the read data:  0.17791E-02
MJDREF =  5.1910000742870E+04 with TIMESYS = TT
 Number of files read in:  1
  "infile=@/Users/brettlv/blog/brettlv.github.io/pythoncode/xsel94344_obscat.tm
p" "outfile=/Users/brettlv/blog/brettlv.github.io/pythoncode/xsel94344_read_cat
.xsl" "keywords=@/Users/brettlv/blog/brettlv.github.io/pythoncode/xsel94344_obs
list.def" maxlen=11 minlen=0 iform=I8 "eform=E8.2" quiet=yes omit=no
 
******************** Observation Catalogue ********************
 
Data Directory is: /Volumes/Brettlv_G_m/Mrk1018/swift/00035166001_xrt/
HK Directory is: /Volumes/Brettlv_G_m/Mrk1018/swift/00035166001_xrt/
  "/Users/brettlv/blog/brettlv.github.io/pythoncode/xsel94344_read_cat.xsl" STD
OUT "@xsel94344_display.def" "-" prhead = no pagewidth = 128 wrap = yes showuni
t = no tdisp = yes
 
 
        OBJECT      OBS_ID      DATE-OBS            DATAMODE
      1 Mkn1018     00035166001 2005-08-05T08:17:00 WINDOWED
 
!xsel94344:SWIFT-XRT-WINDOWED > filter time file /Volumes/Brettlv_G_m/Mrk1018/s
wift/00035166001_xrt/sw00035166001xwtw2po_clgti.fits
!xsel94344:SWIFT-XRT-WINDOWED > filter grade "0-2"
!xsel94344:SWIFT-XRT-WINDOWED > extract events
  filename = "@xsel94344_files.tmp[PI=     0:  1023]" eventsout = "xsel94344_ou
t_event.xsl" copyall=no regionfile = NONE qdpfile = NONE fitsbinlc = NONE unbin
lc = NONE phafile = NONE imgfile = NONE timefile = "@xsel_timefile.asc" adjustg
ti=yes gstring = 0-2 timeorder = no xcolf = X ycolf = Y xcolh = X ycolh = Y xfk
ey = TLMAX yfkey = TLMAX xhkey = TLMAX yhkey = TLMAX phamax = TLMAX specbin = 1
 binh = 1 binf = 1 binlc = "1.0000000E+00" tcol = TIME ecol = PI ccol = NONE gc
ol = GRADE gti = GTI events = EVENTS gtitxt = "xsel94344_ascii_out.xsl" timeref
 = "40000.00" wtmapb = yes wtmapfix = yes swmapx = no swmapy = no wmapver = 2 g
tinam = GTI exitnow = no
extractor v5.35     2 Aug 2018
 Getting FITS WCS Keywords
 Doing file: /Volumes/Brettlv_G_m/Mrk1018/swift/00035166001_xrt/sw00035166001xw
tw2po_ufre.evt
          Total      Good    Bad: Time     Phase     Grade       Cut
             75        36            0         0        39         0
 Writing events file
     36 events written to the output file
===============================================================================
    Grand Total      Good    Bad: Time     Phase     Grade       Cut
             75        36            0         0        39         0
   in  23.230     seconds
!xsel94344:SWIFT-XRT-WINDOWED > yes
 Command not found; type ? for a command listing
!xsel94344:SWIFT-XRT-WINDOWED > save events /Volumes/Brettlv_G_m/Mrk1018/swift/
00035166001_xrt/xselect94986evt.flt
Wrote events list to file /Volumes/Brettlv_G_m/Mrk1018/swift/00035166001_xrt/xs
elect94986evt.flt
!> Use filtered events as input data file ? >[yes] yes
Changing Data directory from:
    /Volumes/Brettlv_G_m/Mrk1018/swift/00035166001_xrt/
to the current working directory.
!xsel94344:SWIFT-XRT-WINDOWED > quit
!> Save this session? >[no] no
